Invalid HTTP_HOST header: 'rockserver.ddns.net:4090'. You may need to add 'rockserver.ddns.net' to ALLOWED_HOSTS.
Bad Request: /
Invalid HTTP_HOST header: 'rockserver.ddns.net:4090'. You may need to add 'rockserver.ddns.net' to ALLOWED_HOSTS.
Bad Request: /favicon.ico
Invalid HTTP_HOST header: 'rockserver.ddns.net:4090'. You may need to add 'rockserver.ddns.net' to ALLOWED_HOSTS.
Bad Request: /
Invalid HTTP_HOST header: 'rockserver.ddns.net:4090'. You may need to add 'rockserver.ddns.net' to ALLOWED_HOSTS.
Bad Request: /favicon.ico
Invalid HTTP_HOST header: 'rockserver.ddns.net:4090'. You may need to add 'rockserver.ddns.net' to ALLOWED_HOSTS.
Bad Request: /twits
Invalid HTTP_HOST header: 'rockserver.ddns.net:4090'. You may need to add 'rockserver.ddns.net' to ALLOWED_HOSTS.
Bad Request: /favicon.ico
Invalid HTTP_HOST header: 'rockserver.ddns.net:4090'. You may need to add 'rockserver.ddns.net' to ALLOWED_HOSTS.
Bad Request: /twit
Invalid HTTP_HOST header: 'rockserver.ddns.net:4090'. You may need to add 'rockserver.ddns.net' to ALLOWED_HOSTS.
Bad Request: /favicon.ico
Watching for file changes with StatReloader
Waiting for apps ready_event.
Apps ready_event triggered. Sending autoreload_started signal.
Watching dir /mnt/raid1/Web/cis218-assignment-2-JoonHan-v3/account/templates with glob **/*.
Watching dir /mnt/raid1/Web/cis218-assignment-2-JoonHan-v3/twits/templates with glob **/*.
Watching dir /mnt/raid1/Web/cis218-assignment-2-JoonHan-v3/locale with glob **/*.mo.
Watching dir /mnt/raid1/Web/cis218-assignment-2-JoonHan-v3/account/locale with glob **/*.mo.
Watching dir /mnt/raid1/Web/cis218-assignment-2-JoonHan-v3/twits/locale with glob **/*.mo.
Watching dir /mnt/raid1/Web/cis218-assignment-2-JoonHan-v3/actions/locale with glob **/*.mo.
Watching dir /mnt/raid1/Web/cis218-assignment-2-JoonHan-v3/.venv/lib/python3.8/site-packages/easy_thumbnails/locale with glob **/*.mo.
File /usr/lib/python3.8/_compat_pickle.py first seen with mtime 1647346928.0
File /mnt/raid1/Web/cis218-assignment-2-JoonHan-v3/.venv/lib/python3.8/site-packages/django/contrib/contenttypes/views.py first seen with mtime 1654051250.0579276
File /usr/lib/python3.8/hashlib.py first seen with mtime 1647346928.0
File /mnt/raid1/Web/cis218-assignment-2-JoonHan-v3/.venv/lib/python3.8/site-packages/django/db/models/base.py first seen with mtime 1654051250.3259258
File /mnt/raid1/Web/cis218-assignment-2-JoonHan-v3/.venv/lib/python3.8/site-packages/django/db/backends/postgresql/base.py first seen with mtime 1654051250.317926
File /mnt/raid1/Web/cis218-assignment-2-JoonHan-v3/.venv/lib/python3.8/site-packages/django/core/validators.py first seen with mtime 1654051250.2979262
File /usr/lib/python3.8/email/charset.py first seen with mtime 1647346928.0
File /mnt/raid1/Web/cis218-assignment-2-JoonHan-v3/.venv/lib/python3.8/site-packages/reportlab/lib/rl_safe_eval.py first seen with mtime 1654051287.633705
File /mnt/raid1/Web/cis218-assignment-2-JoonHan-v3/.venv/lib/python3.8/site-packages/psycopg2/_json.py first seen with mtime 1654051671.0794191
File /mnt/raid1/Web/cis218-assignment-2-JoonHan-v3/.venv/lib/python3.8/site-packages/django/contrib/sessions/backends/__init__.py first seen with mtime 1654051250.2419264
File /mnt/raid1/Web/cis218-assignment-2-JoonHan-v3/.venv/lib/python3.8/site-packages/django/urls/exceptions.py first seen with mtime 1654051250.3539257
File /mnt/raid1/Web/cis218-assignment-2-JoonHan-v3/.venv/lib/python3.8/site-packages/django/core/cache/__init__.py first seen with mtime 1654051250.3019261
File /usr/lib/python3.8/wsgiref/__init__.py first seen with mtime 1647346928.0
File /mnt/raid1/Web/cis218-assignment-2-JoonHan-v3/.venv/lib/python3.8/site-packages/asgiref/__init__.py first seen with mtime 1654051249.63393
File /mnt/raid1/Web/cis218-assignment-2-JoonHan-v3/.venv/lib/python3.8/site-packages/django/core/handlers/exception.py first seen with mtime 1654051250.305926
File /mnt/raid1/Web/cis218-assignment-2-JoonHan-v3/cis218_assignment_2/__init__.py first seen with mtime 1647486072.0
File /mnt/raid1/Web/cis218-assignment-2-JoonHan-v3/.venv/lib/python3.8/site-packages/django/contrib/auth/validators.py first seen with mtime 1654051250.0219276
File /mnt/raid1/Web/cis218-assignment-2-JoonHan-v3/.venv/lib/python3.8/site-packages/django/urls/conf.py first seen with mtime 1654051250.3539257
File /mnt/raid1/Web/cis218-assignment-2-JoonHan-v3/.venv/lib/python3.8/site-packages/django/contrib/admin/__init__.py first seen with mtime 1654051249.8979285
File /mnt/raid1/Web/cis218-assignment-2-JoonHan-v3/.venv/lib/python3.8/site-packages/django/contrib/contenttypes/admin.py first seen with mtime 1654051250.0579276
File /usr/lib/python3.8/inspect.py first seen with mtime 1647346928.0
File /mnt/raid1/Web/cis218-assignment-2-JoonHan-v3/.venv/lib/python3.8/site-packages/django/utils/timesince.py first seen with mtime 1654051250.3619256
File /mnt/raid1/Web/cis218-assignment-2-JoonHan-v3/.venv/lib/python3.8/site-packages/django/db/backends/base/features.py first seen with mtime 1654051250.313926
File /usr/lib/python3.8/lib-dynload/termios.cpython-38-x86_64-linux-gnu.so first seen with mtime 1647346928.0
File /mnt/raid1/Web/cis218-assignment-2-JoonHan-v3/.venv/lib/python3.8/site-packages/django/__init__.py first seen with mtime 1654051249.821929
File /mnt/raid1/Web/cis218-assignment-2-JoonHan-v3/.venv/lib/python3.8/site-packages/django/db/models/functions/__init__.py first seen with mtime 1654051250.3299258
File /mnt/raid1/Web/cis218-assignment-2-JoonHan-v3/.venv/lib/python3.8/site-packages/django/utils/html.py first seen with mtime 1654051250.3579257
File /mnt/raid1/Web/cis218-assignment-2-JoonHan-v3/.venv/lib/python3.8/site-packages/django/core/files/uploadhandler.py first seen with mtime 1654051250.305926
File /mnt/raid1/Web/cis218-assignment-2-JoonHan-v3/.venv/lib/python3.8/site-packages/django/db/models/fields/related.py first seen with mtime 1654051250.3299258
File /mnt/raid1/Web/cis218-assignment-2-JoonHan-v3/.venv/lib/python3.8/site-packages/django/middleware/__init__.py first seen with mtime 1654051250.3459258
File /mnt/raid1/Web/cis218-assignment-2-JoonHan-v3/.venv/lib/python3.8/site-packages/django/contrib/admin/actions.py first seen with mtime 1654051249.8979285
File /mnt/raid1/Web/cis218-assignment-2-JoonHan-v3/.venv/lib/python3.8/site-packages/reportlab/graphics/renderbase.py first seen with mtime 1654051287.601705
File /usr/lib/python3.8/urllib/parse.py first seen with mtime 1647346928.0
File /usr/lib/python3.8/wsgiref/util.py first seen with mtime 1647346928.0
File /mnt/raid1/Web/cis218-assignment-2-JoonHan-v3/.venv/lib/python3.8/site-packages/PIL/TiffTags.py first seen with mtime 1654051287.3217068
File /mnt/raid1/Web/cis218-assignment-2-JoonHan-v3/.venv/lib/python3.8/site-packages/django/db/migrations/operations/__init__.py first seen with mtime 1654051250.3219259
File /usr/lib/python3.8/asyncio/events.py first seen with mtime 1647346928.0
File /mnt/raid1/Web/cis218-assignment-2-JoonHan-v3/.venv/lib/python3.8/site-packages/reportlab/lib/pagesizes.py first seen with mtime 1654051287.633705
File /mnt/raid1/Web/cis218-assignment-2-JoonHan-v3/.venv/lib/python3.8/site-packages/PIL/ImageChops.py first seen with mtime 1654051287.3217068
File /mnt/raid1/Web/cis218-assignment-2-JoonHan-v3/.venv/lib/python3.8/site-packages/django/core/paginator.py first seen with mtime 1654051250.2979262
File /mnt/raid1/Web/cis218-assignment-2-JoonHan-v3/.venv/lib/python3.8/site-packages/django/utils/autoreload.py first seen with mtime 1654051250.3539257
File /mnt/raid1/Web/cis218-assignment-2-JoonHan-v3/manage.py first seen with mtime 1647486072.0
File /mnt/raid1/Web/cis218-assignment-2-JoonHan-v3/.venv/lib/python3.8/site-packages/reportlab/platypus/paragraph.py first seen with mtime 1654051287.641705
File /usr/lib/python3.8/encodings/aliases.py first seen with mtime 1647346928.0
File /usr/lib/python3.8/numbers.py first seen with mtime 1647346928.0
File /mnt/raid1/Web/cis218-assignment-2-JoonHan-v3/.venv/lib/python3.8/site-packages/django/db/backends/postgresql/schema.py first seen with mtime 1654051250.317926
File /mnt/raid1/Web/cis218-assignment-2-JoonHan-v3/.venv/lib/python3.8/site-packages/easy_thumbnails/apps.py first seen with mtime 1654051288.4017005
File /mnt/raid1/Web/cis218-assignment-2-JoonHan-v3/.venv/lib/python3.8/site-packages/reportlab/pdfgen/__init__.py first seen with mtime 1654051287.5937052
File /usr/lib/python3.8/contextlib.py first seen with mtime 1647346928.0
File /mnt/raid1/Web/cis218-assignment-2-JoonHan-v3/.venv/lib/python3.8/site-packages/django/core/files/uploadedfile.py first seen with mtime 1654051250.305926
File /usr/lib/python3.8/os.py first seen with mtime 1647346928.0
File /mnt/raid1/Web/cis218-assignment-2-JoonHan-v3/.venv/lib/python3.8/site-packages/easy_thumbnails/VIL/Image.py first seen with mtime 1654051288.4057004
File /mnt/raid1/Web/cis218-assignment-2-JoonHan-v3/.venv/lib/python3.8/site-packages/easy_thumbnails/storage.py first seen with mtime 1654051288.4057004
File /mnt/raid1/Web/cis218-assignment-2-JoonHan-v3/.venv/lib/python3.8/site-packages/django/core/checks/registry.py first seen with mtime 1654051250.3019261
File /mnt/raid1/Web/cis218-assignment-2-JoonHan-v3/.venv/lib/python3.8/site-packages/django/utils/deprecation.py first seen with mtime 1654051250.3579257
File /mnt/raid1/Web/cis218-assignment-2-JoonHan-v3/.venv/lib/python3.8/site-packages/django/db/models/sql/where.py first seen with mtime 1654051250.333926
File /mnt/raid1/Web/cis218-assignment-2-JoonHan-v3/.venv/lib/python3.8/site-packages/django/core/checks/security/sessions.py first seen with mtime 1654051250.3019261
File /mnt/raid1/Web/cis218-assignment-2-JoonHan-v3/.venv/lib/python3.8/site-packages/django/db/models/constraints.py first seen with mtime 1654051250.3259258
File /mnt/raid1/Web/cis218-assignment-2-JoonHan-v3/.venv/lib/python3.8/site-packages/django/db/backends/ddl_references.py first seen with mtime 1654051250.313926
File /usr/lib/python3.8/unittest/runner.py first seen with mtime 1647346928.0
File /mnt/raid1/Web/cis218-assignment-2-JoonHan-v3/.venv/lib/python3.8/site-packages/reportlab/lib/PyFontify.py first seen with mtime 1654051287.637705
File /usr/lib/python3.8/sre_compile.py first seen with mtime 1647346928.0
File /mnt/raid1/Web/cis218-assignment-2-JoonHan-v3/.venv/lib/python3.8/site-packages/reportlab/pdfbase/_fontdata_widths_timesroman.py first seen with mtime 1654051287.629705
File /mnt/raid1/Web/cis218-assignment-2-JoonHan-v3/.venv/lib/python3.8/site-packages/reportlab/platypus/flowables.py first seen with mtime 1654051287.641705
File /usr/lib/python3.8/textwrap.py first seen with mtime 1647346928.0
File /mnt/raid1/Web/cis218-assignment-2-JoonHan-v3/.venv/lib/python3.8/site-packages/reportlab/lib/sequencer.py first seen with mtime 1654051287.637705
File /mnt/raid1/Web/cis218-assignment-2-JoonHan-v3/.venv/lib/python3.8/site-packages/backports/zoneinfo/_czoneinfo.cpython-38-x86_64-linux-gnu.so first seen with mtime 1654051249.7259295
File /usr/lib/python3.8/asyncio/futures.py first seen with mtime 1647346928.0
File /mnt/raid1/Web/cis218-assignment-2-JoonHan-v3/.venv/lib/python3.8/site-packages/django/views/generic/edit.py first seen with mtime 1654051250.3659256
File /usr/lib/python3.8/lib-dynload/_bz2.cpython-38-x86_64-linux-gnu.so first seen with mtime 1647346928.0
File /mnt/raid1/Web/cis218-assignment-2-JoonHan-v3/.venv/lib/python3.8/site-packages/django/db/models/indexes.py first seen with mtime 1654051250.3259258
File /mnt/raid1/Web/cis218-assignment-2-JoonHan-v3/.venv/lib/python3.8/site-packages/reportlab/pdfbase/_fontdata_widths_courieroblique.py first seen with mtime 1654051287.625705
File /usr/lib/python3.8/struct.py first seen with mtime 1647346928.0
File /mnt/raid1/Web/cis218-assignment-2-JoonHan-v3/.venv/lib/python3.8/site-packages/django/forms/boundfield.py first seen with mtime 1654051250.333926
File /mnt/raid1/Web/cis218-assignment-2-JoonHan-v3/.venv/lib/python3.8/site-packages/django/conf/urls/__init__.py first seen with mtime 1654051249.8979285
File /mnt/raid1/Web/cis218-assignment-2-JoonHan-v3/.venv/lib/python3.8/site-packages/reportlab/lib/abag.py first seen with mtime 1654051287.637705
File /mnt/raid1/Web/cis218-assignment-2-JoonHan-v3/.venv/lib/python3.8/site-packages/django/contrib/contenttypes/forms.py first seen with mtime 1654051250.0579276
File /mnt/raid1/Web/cis218-assignment-2-JoonHan-v3/.venv/lib/python3.8/site-packages/django/contrib/messages/api.py first seen with mtime 1654051250.1899266
File /usr/lib/python3.8/linecache.py first seen with mtime 1647346928.0
File /mnt/raid1/Web/cis218-assignment-2-JoonHan-v3/.venv/lib/python3.8/site-packages/django/middleware/http.py first seen with mtime 1654051250.3459258
File /mnt/raid1/Web/cis218-assignment-2-JoonHan-v3/.venv/lib/python3.8/site-packages/sqlparse/utils.py first seen with mtime 1654051249.7419293
File /usr/lib/python3.8/threading.py first seen with mtime 1647346928.0
File /mnt/raid1/Web/cis218-assignment-2-JoonHan-v3/.venv/lib/python3.8/site-packages/django/template/loaders/filesystem.py first seen with mtime 1654051250.3499258
File /usr/lib/python3.8/asyncio/staggered.py first seen with mtime 1647346928.0
File /mnt/raid1/Web/cis218-assignment-2-JoonHan-v3/.venv/lib/python3.8/site-packages/PIL/ImageMode.py first seen with mtime 1654051287.329707
File /usr/lib/python3.8/random.py first seen with mtime 1647346928.0
File /mnt/raid1/Web/cis218-assignment-2-JoonHan-v3/.venv/lib/python3.8/site-packages/django/utils/inspect.py first seen with mtime 1654051250.3579257
File /usr/lib/python3.8/importlib/machinery.py first seen with mtime 1647346928.0
File /mnt/raid1/Web/cis218-assignment-2-JoonHan-v3/.venv/lib/python3.8/site-packages/django/db/migrations/operations/models.py first seen with mtime 1654051250.3259258
File /mnt/raid1/Web/cis218-assignment-2-JoonHan-v3/.venv/lib/python3.8/site-packages/PIL/ImageFilter.py first seen with mtime 1654051287.3177068
File /mnt/raid1/Web/cis218-assignment-2-JoonHan-v3/cis218_assignment_2/urls.py first seen with mtime 1647715684.0
File /usr/lib/python3.8/_markupbase.py first seen with mtime 1647346928.0
File /usr/lib/python3.8/unittest/loader.py first seen with mtime 1647346928.0
File /mnt/raid1/Web/cis218-assignment-2-JoonHan-v3/.venv/lib/python3.8/site-packages/django/core/checks/compatibility/__init__.py first seen with mtime 1654051250.3019261
File /mnt/raid1/Web/cis218-assignment-2-JoonHan-v3/.venv/lib/python3.8/site-packages/django/template/loader.py first seen with mtime 1654051250.3499258
File /mnt/raid1/Web/cis218-assignment-2-JoonHan-v3/.venv/lib/python3.8/site-packages/django/utils/dateparse.py first seen with mtime 1654051250.3579257
File /mnt/raid1/Web/cis218-assignment-2-JoonHan-v3/.venv/lib/python3.8/site-packages/django/core/checks/model_checks.py first seen with mtime 1654051250.3019261
File /mnt/raid1/Web/cis218-assignment-2-JoonHan-v3/.venv/lib/python3.8/site-packages/django/urls/base.py first seen with mtime 1654051250.3539257
File /mnt/raid1/Web/cis218-assignment-2-JoonHan-v3/.venv/lib/python3.8/site-packages/django/contrib/auth/__init__.py first seen with mtime 1654051250.0219276
File /usr/lib/python3.8/collections/abc.py first seen with mtime 1647346928.0
File /mnt/raid1/Web/cis218-assignment-2-JoonHan-v3/.venv/lib/python3.8/site-packages/django/utils/translation/__init__.py first seen with mtime 1654051250.3619256
File /mnt/raid1/Web/cis218-assignment-2-JoonHan-v3/.venv/lib/python3.8/site-packages/django/contrib/auth/hashers.py first seen with mtime 1654051250.0219276
File /mnt/raid1/Web/cis218-assignment-2-JoonHan-v3/.venv/lib/python3.8/site-packages/django/forms/utils.py first seen with mtime 1654051250.333926
File /mnt/raid1/Web/cis218-assignment-2-JoonHan-v3/.venv/lib/python3.8/site-packages/django/utils/lorem_ipsum.py first seen with mtime 1654051250.3579257
File /mnt/raid1/Web/cis218-assignment-2-JoonHan-v3/.venv/lib/python3.8/site-packages/django/db/models/enums.py first seen with mtime 1654051250.3259258
File /mnt/raid1/Web/cis218-assignment-2-JoonHan-v3/.venv/lib/python3.8/site-packages/django/contrib/contenttypes/checks.py first seen with mtime 1654051250.0579276
File /mnt/raid1/Web/cis218-assignment-2-JoonHan-v3/.venv/lib/python3.8/site-packages/django/utils/regex_helper.py first seen with mtime 1654051250.3579257
File /mnt/raid1/Web/cis218-assignment-2-JoonHan-v3/.venv/lib/python3.8/site-packages/django/middleware/cache.py first seen with mtime 1654051250.3459258
File /mnt/raid1/Web/cis218-assignment-2-JoonHan-v3/.venv/lib/python3.8/site-packages/django/core/serializers/__init__.py first seen with mtime 1654051250.309926
File /mnt/raid1/Web/cis218-assignment-2-JoonHan-v3/.venv/lib/python3.8/site-packages/django/core/checks/compatibility/django_4_0.py first seen with mtime 1654051250.3019261
File /mnt/raid1/Web/cis218-assignment-2-JoonHan-v3/.venv/lib/python3.8/site-packages/tinycss2/serializer.py first seen with mtime 1654051288.1697018
File /mnt/raid1/Web/cis218-assignment-2-JoonHan-v3/.venv/lib/python3.8/site-packages/easy_thumbnails/VIL/__init__.py first seen with mtime 1654051288.4057004
File /mnt/raid1/Web/cis218-assignment-2-JoonHan-v3/.venv/lib/python3.8/site-packages/sqlparse/filters/__init__.py first seen with mtime 1654051249.7419293
File /mnt/raid1/Web/cis218-assignment-2-JoonHan-v3/.venv/lib/python3.8/site-packages/django/views/generic/list.py first seen with mtime 1654051250.3659256
File /mnt/raid1/Web/cis218-assignment-2-JoonHan-v3/.venv/lib/python3.8/site-packages/django/utils/__init__.py first seen with mtime 1654051250.3539257
File /mnt/raid1/Web/cis218-assignment-2-JoonHan-v3/actions/utils.py first seen with mtime 1648076584.0
File /mnt/raid1/Web/cis218-assignment-2-JoonHan-v3/.venv/lib/python3.8/site-packages/svglib/utils.py first seen with mtime 1654051288.3857005
File /mnt/raid1/Web/cis218-assignment-2-JoonHan-v3/.venv/lib/python3.8/site-packages/django/utils/numberformat.py first seen with mtime 1654051250.3579257
File /mnt/raid1/Web/cis218-assignment-2-JoonHan-v3/.venv/lib/python3.8/site-packages/django/db/backends/base/creation.py first seen with mtime 1654051250.313926
File /usr/lib/python3.8/asyncio/sslproto.py first seen with mtime 1647346928.0
File /mnt/raid1/Web/cis218-assignment-2-JoonHan-v3/.venv/lib/python3.8/site-packages/sqlparse/engine/__init__.py first seen with mtime 1654051249.7419293
File /usr/lib/python3.8/json/decoder.py first seen with mtime 1647346928.0
File /usr/lib/python3.8/lib-dynload/_queue.cpython-38-x86_64-linux-gnu.so first seen with mtime 1647346928.0
File /mnt/raid1/Web/cis218-assignment-2-JoonHan-v3/.venv/lib/python3.8/site-packages/django/template/backends/django.py first seen with mtime 1654051250.3499258
File /mnt/raid1/Web/cis218-assignment-2-JoonHan-v3/.venv/lib/python3.8/site-packages/django/core/handlers/__init__.py first seen with mtime 1654051250.305926
File /mnt/raid1/Web/cis218-assignment-2-JoonHan-v3/.venv/lib/python3.8/site-packages/django/http/cookie.py first seen with mtime 1654051250.3459258
File /mnt/raid1/Web/cis218-assignment-2-JoonHan-v3/.venv/lib/python3.8/site-packages/django/utils/itercompat.py first seen with mtime 1654051250.3579257
File /mnt/raid1/Web/cis218-assignment-2-JoonHan-v3/.venv/lib/python3.8/site-packages/reportlab/lib/_rl_accel.cpython-38-x86_64-linux-gnu.so first seen with mtime 1654051287.633705
File /mnt/raid1/Web/cis218-assignment-2-JoonHan-v3/common/__init__.py first seen with mtime 1648006684.0
File /mnt/raid1/Web/cis218-assignment-2-JoonHan-v3/.venv/lib/python3.8/site-packages/django/core/checks/security/csrf.py first seen with mtime 1654051250.3019261
File /mnt/raid1/Web/cis218-assignment-2-JoonHan-v3/.venv/lib/python3.8/site-packages/cssselect2/compiler.py first seen with mtime 1654051288.1857016
File /mnt/raid1/Web/cis218-assignment-2-JoonHan-v3/.venv/lib/python3.8/site-packages/svglib/__init__.py first seen with mtime 1654051288.3857005
File /mnt/raid1/Web/cis218-assignment-2-JoonHan-v3/.venv/lib/python3.8/site-packages/django/views/defaults.py first seen with mtime 1654051250.3619256
File /mnt/raid1/Web/cis218-assignment-2-JoonHan-v3/.venv/lib/python3.8/site-packages/django/template/library.py first seen with mtime 1654051250.3499258
File /usr/lib/python3.8/genericpath.py first seen with mtime 1647346928.0
File /mnt/raid1/Web/cis218-assignment-2-JoonHan-v3/.venv/lib/python3.8/site-packages/django/templatetags/__init__.py first seen with mtime 1654051250.3499258
File /usr/lib/python3.8/decimal.py first seen with mtime 1647346928.0
File /mnt/raid1/Web/cis218-assignment-2-JoonHan-v3/.venv/lib/python3.8/site-packages/django/contrib/auth/middleware.py first seen with mtime 1654051250.0219276
File /mnt/raid1/Web/cis218-assignment-2-JoonHan-v3/.venv/lib/python3.8/site-packages/django/db/models/functions/window.py first seen with mtime 1654051250.3299258
File /mnt/raid1/Web/cis218-assignment-2-JoonHan-v3/.venv/lib/python3.8/site-packages/easy_thumbnails/utils.py first seen with mtime 1654051288.4057004
File /mnt/raid1/Web/cis218-assignment-2-JoonHan-v3/.venv/lib/python3.8/site-packages/webencodings/__init__.py first seen with mtime 1654051288.161702
File /usr/lib/python3.8/email/headerregistry.py first seen with mtime 1647346928.0
File /mnt/raid1/Web/cis218-assignment-2-JoonHan-v3/.venv/lib/python3.8/site-packages/reportlab/pdfbase/rl_codecs.py first seen with mtime 1654051287.625705
File /usr/lib/python3.8/tokenize.py first seen with mtime 1647346928.0
File /usr/lib/python3.8/asyncio/base_events.py first seen with mtime 1647346928.0
File /usr/lib/python3.8/asyncio/transports.py first seen with mtime 1647346928.0
File /mnt/raid1/Web/cis218-assignment-2-JoonHan-v3/.venv/lib/python3.8/site-packages/django/db/backends/postgresql/operations.py first seen with mtime 1654051250.317926
File /usr/lib/python3.8/urllib/__init__.py first seen with mtime 1647346928.0
File /mnt/raid1/Web/cis218-assignment-2-JoonHan-v3/.venv/lib/python3.8/site-packages/django/core/checks/templates.py first seen with mtime 1654051250.3019261
File /usr/lib/python3.8/importlib/util.py first seen with mtime 1647346928.0
File /mnt/raid1/Web/cis218-assignment-2-JoonHan-v3/account/models.py first seen with mtime 1654028941.797899
File /mnt/raid1/Web/cis218-assignment-2-JoonHan-v3/.venv/lib/python3.8/site-packages/django/views/debug.py first seen with mtime 1654051250.3619256
File /usr/lib/python3.8/email/base64mime.py first seen with mtime 1647346928.0
File /mnt/raid1/Web/cis218-assignment-2-JoonHan-v3/.venv/lib/python3.8/site-packages/django/db/backends/postgresql/features.py first seen with mtime 1654051250.317926
File /usr/lib/python3.8/html/__init__.py first seen with mtime 1647346928.0
File /usr/lib/python3.8/logging/__init__.py first seen with mtime 1647346928.0
File /mnt/raid1/Web/cis218-assignment-2-JoonHan-v3/.venv/lib/python3.8/site-packages/django/contrib/admin/decorators.py first seen with mtime 1654051249.8979285
File /mnt/raid1/Web/cis218-assignment-2-JoonHan-v3/.venv/lib/python3.8/site-packages/django/contrib/staticfiles/management/commands/__init__.py first seen with mtime 1654051250.2979262
File /mnt/raid1/Web/cis218-assignment-2-JoonHan-v3/.venv/lib/python3.8/site-packages/django/db/models/lookups.py first seen with mtime 1654051250.3259258
File /mnt/raid1/Web/cis218-assignment-2-JoonHan-v3/.venv/lib/python3.8/site-packages/django/core/mail/message.py first seen with mtime 1654051250.305926
File /usr/lib/python3.8/warnings.py first seen with mtime 1647346928.0
File /mnt/raid1/Web/cis218-assignment-2-JoonHan-v3/.venv/lib/python3.8/site-packages/django/db/models/functions/text.py first seen with mtime 1654051250.3299258
File /mnt/raid1/Web/cis218-assignment-2-JoonHan-v3/.venv/lib/python3.8/site-packages/django/core/management/commands/runserver.py first seen with mtime 1654051250.309926
File /mnt/raid1/Web/cis218-assignment-2-JoonHan-v3/.venv/lib/python3.8/site-packages/easy_thumbnails/__init__.py first seen with mtime 1654051288.4017005
File /mnt/raid1/Web/cis218-assignment-2-JoonHan-v3/.venv/lib/python3.8/site-packages/django/db/backends/base/__init__.py first seen with mtime 1654051250.313926
File /mnt/raid1/Web/cis218-assignment-2-JoonHan-v3/.venv/lib/python3.8/site-packages/django/utils/http.py first seen with mtime 1654051250.3579257
File /mnt/raid1/Web/cis218-assignment-2-JoonHan-v3/.venv/lib/python3.8/site-packages/django/contrib/admin/templatetags/admin_urls.py first seen with mtime 1654051249.989928
File /usr/lib/python3.8/_weakrefset.py first seen with mtime 1647346928.0
File /usr/lib/python3.8/encodings/__init__.py first seen with mtime 1647346928.0
File /usr/lib/python3.8/http/__init__.py first seen with mtime 1647346928.0
File /mnt/raid1/Web/cis218-assignment-2-JoonHan-v3/.venv/lib/python3.8/site-packages/django/db/models/fields/related_lookups.py first seen with mtime 1654051250.3299258
File /usr/lib/python3.8/unittest/result.py first seen with mtime 1647346928.0
File /mnt/raid1/Web/cis218-assignment-2-JoonHan-v3/twits/templatetags/__init__.py first seen with mtime 1647683500.0
File /mnt/raid1/Web/cis218-assignment-2-JoonHan-v3/.venv/lib/python3.8/site-packages/django/utils/deconstruct.py first seen with mtime 1654051250.3579257
File /usr/lib/python3.8/unittest/signals.py first seen with mtime 1647346928.0
File /mnt/raid1/Web/cis218-assignment-2-JoonHan-v3/.venv/lib/python3.8/site-packages/django/utils/hashable.py first seen with mtime 1654051250.3579257
File /mnt/raid1/Web/cis218-assignment-2-JoonHan-v3/.venv/lib/python3.8/site-packages/reportlab/graphics/shapes.py first seen with mtime 1654051287.5977051
File /mnt/raid1/Web/cis218-assignment-2-JoonHan-v3/.venv/lib/python3.8/site-packages/reportlab/platypus/multicol.py first seen with mtime 1654051287.637705
File /mnt/raid1/Web/cis218-assignment-2-JoonHan-v3/.venv/lib/python3.8/site-packages/django/db/models/expressions.py first seen with mtime 1654051250.3259258
File /mnt/raid1/Web/cis218-assignment-2-JoonHan-v3/.venv/lib/python3.8/site-packages/django/contrib/staticfiles/views.py first seen with mtime 1654051250.2979262
File /usr/lib/python3.8/platform.py first seen with mtime 1647346928.0
File /mnt/raid1/Web/cis218-assignment-2-JoonHan-v3/.venv/lib/python3.8/site-packages/django/forms/models.py first seen with mtime 1654051250.333926
File /mnt/raid1/Web/cis218-assignment-2-JoonHan-v3/.venv/lib/python3.8/site-packages/django/views/generic/base.py first seen with mtime 1654051250.3659256
File /mnt/raid1/Web/cis218-assignment-2-JoonHan-v3/.venv/lib/python3.8/site-packages/reportlab/pdfbase/pdfutils.py first seen with mtime 1654051287.625705
File /mnt/raid1/Web/cis218-assignment-2-JoonHan-v3/.venv/lib/python3.8/site-packages/django/contrib/auth/views.py first seen with mtime 1654051250.0219276
File /mnt/raid1/Web/cis218-assignment-2-JoonHan-v3/.venv/lib/python3.8/site-packages/django/db/models/signals.py first seen with mtime 1654051250.3259258
File /usr/lib/python3.8/email/mime/nonmultipart.py first seen with mtime 1647346928.0
File /mnt/raid1/Web/cis218-assignment-2-JoonHan-v3/.venv/lib/python3.8/site-packages/easy_thumbnails/source_generators.py first seen with mtime 1654051288.4057004
File /usr/lib/python3.8/_compression.py first seen with mtime 1647346928.0
File /mnt/raid1/Web/cis218-assignment-2-JoonHan-v3/.venv/lib/python3.8/site-packages/webencodings/labels.py first seen with mtime 1654051288.161702
File /mnt/raid1/Web/cis218-assignment-2-JoonHan-v3/.venv/lib/python3.8/site-packages/sqlparse/cli.py first seen with mtime 1654051249.7419293
File /mnt/raid1/Web/cis218-assignment-2-JoonHan-v3/.venv/lib/python3.8/site-packages/sqlparse/engine/grouping.py first seen with mtime 1654051249.7419293
File /mnt/raid1/Web/cis218-assignment-2-JoonHan-v3/.venv/lib/python3.8/site-packages/sqlparse/exceptions.py first seen with mtime 1654051249.7419293
File /mnt/raid1/Web/cis218-assignment-2-JoonHan-v3/twits/apps.py first seen with mtime 1647633320.0
File /mnt/raid1/Web/cis218-assignment-2-JoonHan-v3/.venv/lib/python3.8/site-packages/PIL/Image.py first seen with mtime 1654051287.3337069
File /mnt/raid1/Web/cis218-assignment-2-JoonHan-v3/actions/models.py first seen with mtime 1648022794.0
File /usr/lib/python3.8/email/utils.py first seen with mtime 1647346928.0
File /usr/lib/python3.8/argparse.py first seen with mtime 1647346928.0
File /usr/lib/python3.8/ntpath.py first seen with mtime 1647346928.0
File /mnt/raid1/Web/cis218-assignment-2-JoonHan-v3/.venv/lib/python3.8/site-packages/svglib/fonts.py first seen with mtime 1654051288.3857005
File /usr/lib/python3.8/asyncio/base_tasks.py first seen with mtime 1647346928.0
File /mnt/raid1/Web/cis218-assignment-2-JoonHan-v3/account/apps.py first seen with mtime 1647494394.0
File /mnt/raid1/Web/cis218-assignment-2-JoonHan-v3/.venv/lib/python3.8/site-packages/django/views/decorators/common.py first seen with mtime 1654051250.3619256
File /mnt/raid1/Web/cis218-assignment-2-JoonHan-v3/.venv/lib/python3.8/site-packages/django/db/migrations/state.py first seen with mtime 1654051250.3219259
File /usr/lib/python3.8/email/_parseaddr.py first seen with mtime 1647346928.0
File /mnt/raid1/Web/cis218-assignment-2-JoonHan-v3/.venv/lib/python3.8/site-packages/django/utils/cache.py first seen with mtime 1654051250.3539257
File /mnt/raid1/Web/cis218-assignment-2-JoonHan-v3/.venv/lib/python3.8/site-packages/django/utils/topological_sort.py first seen with mtime 1654051250.3619256
File /mnt/raid1/Web/cis218-assignment-2-JoonHan-v3/.venv/lib/python3.8/site-packages/reportlab/platypus/frames.py first seen with mtime 1654051287.641705
File /mnt/raid1/Web/cis218-assignment-2-JoonHan-v3/.venv/lib/python3.8/site-packages/reportlab/pdfbase/_fontdata_widths_zapfdingbats.py first seen with mtime 1654051287.629705
File /mnt/raid1/Web/cis218-assignment-2-JoonHan-v3/.venv/lib/python3.8/site-packages/django/contrib/staticfiles/management/__init__.py first seen with mtime 1654051250.2979262
File /mnt/raid1/Web/cis218-assignment-2-JoonHan-v3/.venv/lib/python3.8/site-packages/django/utils/timezone.py first seen with mtime 1654051250.3619256
File /mnt/raid1/Web/cis218-assignment-2-JoonHan-v3/.venv/lib/python3.8/site-packages/django/contrib/auth/admin.py first seen with mtime 1654051250.0219276
File /mnt/raid1/Web/cis218-assignment-2-JoonHan-v3/.venv/lib/python3.8/site-packages/easy_thumbnails/signal_handlers.py first seen with mtime 1654051288.4057004
File /usr/lib/python3.8/encodings/utf_16_be.py first seen with mtime 1647346928.0
File /usr/lib/python3.8/json/encoder.py first seen with mtime 1647346928.0
File /mnt/raid1/Web/cis218-assignment-2-JoonHan-v3/.venv/lib/python3.8/site-packages/django/contrib/admin/checks.py first seen with mtime 1654051249.8979285
File /usr/lib/python3.8/asyncio/tasks.py first seen with mtime 1647346928.0
File /mnt/raid1/Web/cis218-assignment-2-JoonHan-v3/.venv/lib/python3.8/site-packages/django/core/files/base.py first seen with mtime 1654051250.3019261
File /usr/lib/python3.8/urllib/response.py first seen with mtime 1647346928.0
File /usr/lib/python3.8/email/__init__.py first seen with mtime 1647346928.0
File /usr/lib/python3.8/traceback.py first seen with mtime 1647346928.0
File /mnt/raid1/Web/cis218-assignment-2-JoonHan-v3/.venv/lib/python3.8/site-packages/django/db/__init__.py first seen with mtime 1654051250.313926
File /mnt/raid1/Web/cis218-assignment-2-JoonHan-v3/.venv/lib/python3.8/site-packages/django/core/checks/files.py first seen with mtime 1654051250.3019261
File /mnt/raid1/Web/cis218-assignment-2-JoonHan-v3/.venv/lib/python3.8/site-packages/django/utils/ipv6.py first seen with mtime 1654051250.3579257
File /mnt/raid1/Web/cis218-assignment-2-JoonHan-v3/.venv/lib/python3.8/site-packages/reportlab/platypus/tables.py first seen with mtime 1654051287.641705
File /mnt/raid1/Web/cis218-assignment-2-JoonHan-v3/.venv/lib/python3.8/site-packages/django/template/backends/__init__.py first seen with mtime 1654051250.3499258
File /mnt/raid1/Web/cis218-assignment-2-JoonHan-v3/.venv/lib/python3.8/site-packages/easy_thumbnails/models.py first seen with mtime 1654051288.4017005
File /mnt/raid1/Web/cis218-assignment-2-JoonHan-v3/.venv/lib/python3.8/site-packages/django/db/migrations/operations/base.py first seen with mtime 1654051250.3259258
File /mnt/raid1/Web/cis218-assignment-2-JoonHan-v3/.venv/lib/python3.8/site-packages/django/contrib/staticfiles/finders.py first seen with mtime 1654051250.2979262
File /mnt/raid1/Web/cis218-assignment-2-JoonHan-v3/.venv/lib/python3.8/site-packages/django/utils/crypto.py first seen with mtime 1654051250.3579257
File /usr/lib/python3.8/pkgutil.py first seen with mtime 1647346928.0
File /mnt/raid1/Web/cis218-assignment-2-JoonHan-v3/.venv/lib/python3.8/site-packages/reportlab/lib/rl_accel.py first seen with mtime 1654051287.633705
File /mnt/raid1/Web/cis218-assignment-2-JoonHan-v3/.venv/lib/python3.8/site-packages/django/templatetags/cache.py first seen with mtime 1654051250.3499258
File /usr/lib/python3.8/asyncio/subprocess.py first seen with mtime 1647346928.0
File /mnt/raid1/Web/cis218-assignment-2-JoonHan-v3/.venv/lib/python3.8/site-packages/django/apps/__init__.py first seen with mtime 1654051249.821929
File /mnt/raid1/Web/cis218-assignment-2-JoonHan-v3/.venv/lib/python3.8/site-packages/reportlab/pdfbase/_fontdata_enc_standard.py first seen with mtime 1654051287.625705
File /usr/lib/python3.8/typing.py first seen with mtime 1647346928.0
File /mnt/raid1/Web/cis218-assignment-2-JoonHan-v3/.venv/lib/python3.8/site-packages/reportlab/lib/rltempfile.py first seen with mtime 1654051287.637705
File /usr/lib/python3.8/calendar.py first seen with mtime 1647346928.0
File /usr/lib/python3.8/__future__.py first seen with mtime 1647346928.0
File /usr/lib/python3.8/lib-dynload/_ssl.cpython-38-x86_64-linux-gnu.so first seen with mtime 1647346928.0
File /mnt/raid1/Web/cis218-assignment-2-JoonHan-v3/.venv/lib/python3.8/site-packages/psycopg2/errors.py first seen with mtime 1654051671.087419
File /usr/lib/python3.8/encodings/latin_1.py first seen with mtime 1647346928.0
File /mnt/raid1/Web/cis218-assignment-2-JoonHan-v3/.venv/lib/python3.8/site-packages/django/http/__init__.py first seen with mtime 1654051250.3459258
File /mnt/raid1/Web/cis218-assignment-2-JoonHan-v3/.venv/lib/python3.8/site-packages/django/core/checks/translation.py first seen with mtime 1654051250.3019261
File /mnt/raid1/Web/cis218-assignment-2-JoonHan-v3/.venv/lib/python3.8/site-packages/django/db/models/options.py first seen with mtime 1654051250.3259258
File /mnt/raid1/Web/cis218-assignment-2-JoonHan-v3/actions/apps.py first seen with mtime 1648021284.0
File /mnt/raid1/Web/cis218-assignment-2-JoonHan-v3/.venv/lib/python3.8/site-packages/django/contrib/admin/views/main.py first seen with mtime 1654051249.989928
File /usr/lib/python3.8/bisect.py first seen with mtime 1647346928.0
File /mnt/raid1/Web/cis218-assignment-2-JoonHan-v3/.venv/lib/python3.8/site-packages/django/core/signals.py first seen with mtime 1654051250.2979262
File /mnt/raid1/Web/cis218-assignment-2-JoonHan-v3/.venv/lib/python3.8/site-packages/django/contrib/auth/decorators.py first seen with mtime 1654051250.0219276
File /mnt/raid1/Web/cis218-assignment-2-JoonHan-v3/.venv/lib/python3.8/site-packages/django/db/migrations/operations/fields.py first seen with mtime 1654051250.3259258
File /mnt/raid1/Web/cis218-assignment-2-JoonHan-v3/.venv/lib/python3.8/site-packages/django/views/i18n.py first seen with mtime 1654051250.3619256
File /usr/lib/python3.8/dis.py first seen with mtime 1647346928.0
File /mnt/raid1/Web/cis218-assignment-2-JoonHan-v3/.venv/lib/python3.8/site-packages/django/utils/dateformat.py first seen with mtime 1654051250.3579257
File /mnt/raid1/Web/cis218-assignment-2-JoonHan-v3/.venv/lib/python3.8/site-packages/django/db/backends/base/client.py first seen with mtime 1654051250.313926
File /mnt/raid1/Web/cis218-assignment-2-JoonHan-v3/.venv/lib/python3.8/site-packages/reportlab/graphics/_renderPM.cpython-38-x86_64-linux-gnu.so first seen with mtime 1654051287.601705
File /mnt/raid1/Web/cis218-assignment-2-JoonHan-v3/.venv/lib/python3.8/site-packages/django/db/backends/postgresql/creation.py first seen with mtime 1654051250.317926
File /mnt/raid1/Web/cis218-assignment-2-JoonHan-v3/.venv/lib/python3.8/site-packages/django/db/models/manager.py first seen with mtime 1654051250.3259258
File /mnt/raid1/Web/cis218-assignment-2-JoonHan-v3/.venv/lib/python3.8/site-packages/django/utils/text.py first seen with mtime 1654051250.3619256
File /mnt/raid1/Web/cis218-assignment-2-JoonHan-v3/.venv/lib/python3.8/site-packages/django/contrib/auth/signals.py first seen with mtime 1654051250.0219276
File /usr/lib/python3.8/http/client.py first seen with mtime 1647346928.0
File /mnt/raid1/Web/cis218-assignment-2-JoonHan-v3/.venv/lib/python3.8/site-packages/django/contrib/auth/forms.py first seen with mtime 1654051250.0219276
File /usr/lib/python3.8/keyword.py first seen with mtime 1647346928.0
File /mnt/raid1/Web/cis218-assignment-2-JoonHan-v3/.venv/lib/python3.8/site-packages/easy_thumbnails/exceptions.py first seen with mtime 1654051288.4017005
File /mnt/raid1/Web/cis218-assignment-2-JoonHan-v3/.venv/lib/python3.8/site-packages/django/views/__init__.py first seen with mtime 1654051250.3619256
File /mnt/raid1/Web/cis218-assignment-2-JoonHan-v3/.venv/lib/python3.8/site-packages/django/views/generic/dates.py first seen with mtime 1654051250.3659256
File /usr/lib/python3.8/gettext.py first seen with mtime 1647346928.0
File /mnt/raid1/Web/cis218-assignment-2-JoonHan-v3/.venv/lib/python3.8/site-packages/backports/zoneinfo/_version.py first seen with mtime 1654051249.7259295
File /usr/lib/python3.8/datetime.py first seen with mtime 1647346928.0
File /mnt/raid1/Web/cis218-assignment-2-JoonHan-v3/.venv/lib/python3.8/site-packages/django/utils/termcolors.py first seen with mtime 1654051250.3619256
File /mnt/raid1/Web/cis218-assignment-2-JoonHan-v3/.venv/lib/python3.8/site-packages/easy_thumbnails/conf.py first seen with mtime 1654051288.4017005
File /usr/lib/python3.8/email/header.py first seen with mtime 1647346928.0
File /mnt/raid1/Web/cis218-assignment-2-JoonHan-v3/.venv/lib/python3.8/site-packages/django/utils/functional.py first seen with mtime 1654051250.3579257
File /usr/lib/python3.8/hmac.py first seen with mtime 1647346928.0
File /mnt/raid1/Web/cis218-assignment-2-JoonHan-v3/cis218_assignment_2/settings.py first seen with mtime 1654067882.7820885
File /usr/lib/python3.8/site.py first seen with mtime 1647346928.0
File /usr/lib/python3.8/socketserver.py first seen with mtime 1647346928.0
File /mnt/raid1/Web/cis218-assignment-2-JoonHan-v3/.venv/lib/python3.8/site-packages/django/db/models/query_utils.py first seen with mtime 1654051250.3259258
File /mnt/raid1/Web/cis218-assignment-2-JoonHan-v3/.venv/lib/python3.8/site-packages/django/core/serializers/json.py first seen with mtime 1654051250.309926
File /mnt/raid1/Web/cis218-assignment-2-JoonHan-v3/.venv/lib/python3.8/site-packages/django/template/loaders/__init__.py first seen with mtime 1654051250.3499258
File /mnt/raid1/Web/cis218-assignment-2-JoonHan-v3/.venv/lib/python3.8/site-packages/reportlab/lib/normalDate.py first seen with mtime 1654051287.637705
File /mnt/raid1/Web/cis218-assignment-2-JoonHan-v3/.venv/lib/python3.8/site-packages/django/contrib/contenttypes/apps.py first seen with mtime 1654051250.0579276
File /mnt/raid1/Web/cis218-assignment-2-JoonHan-v3/.venv/lib/python3.8/site-packages/django/core/management/color.py first seen with mtime 1654051250.305926
File /usr/lib/python3.8/concurrent/futures/thread.py first seen with mtime 1647346928.0
File /mnt/raid1/Web/cis218-assignment-2-JoonHan-v3/.venv/lib/python3.8/site-packages/django/core/servers/basehttp.py first seen with mtime 1654051250.313926
File /mnt/raid1/Web/cis218-assignment-2-JoonHan-v3/.venv/lib/python3.8/site-packages/django/views/decorators/__init__.py first seen with mtime 1654051250.3619256
File /mnt/raid1/Web/cis218-assignment-2-JoonHan-v3/.venv/lib/python3.8/site-packages/reportlab/pdfbase/_fontdata_widths_helveticaboldoblique.py first seen with mtime 1654051287.629705
File /mnt/raid1/Web/cis218-assignment-2-JoonHan-v3/.venv/lib/python3.8/site-packages/django/db/models/functions/mixins.py first seen with mtime 1654051250.3299258
File /mnt/raid1/Web/cis218-assignment-2-JoonHan-v3/.venv/lib/python3.8/site-packages/django/db/backends/utils.py first seen with mtime 1654051250.313926
File /mnt/raid1/Web/cis218-assignment-2-JoonHan-v3/.venv/lib/python3.8/site-packages/django/core/checks/security/base.py first seen with mtime 1654051250.3019261
File /mnt/raid1/Web/cis218-assignment-2-JoonHan-v3/.venv/lib/python3.8/site-packages/django/middleware/csrf.py first seen with mtime 1654051250.3459258
File /mnt/raid1/Web/cis218-assignment-2-JoonHan-v3/.venv/lib/python3.8/site-packages/django/forms/renderers.py first seen with mtime 1654051250.333926
File /usr/lib/python3.8/pathlib.py first seen with mtime 1647346928.0
File /usr/lib/python3.8/re.py first seen with mtime 1647346928.0
File /usr/lib/python3.8/tempfile.py first seen with mtime 1647346928.0
File /mnt/raid1/Web/cis218-assignment-2-JoonHan-v3/.venv/lib/python3.8/site-packages/reportlab/lib/utils.py first seen with mtime 1654051287.633705
File /mnt/raid1/Web/cis218-assignment-2-JoonHan-v3/.venv/lib/python3.8/site-packages/django/contrib/staticfiles/checks.py first seen with mtime 1654051250.2979262
File /mnt/raid1/Web/cis218-assignment-2-JoonHan-v3/.venv/lib/python3.8/site-packages/django/contrib/sessions/apps.py first seen with mtime 1654051250.2419264
File /mnt/raid1/Web/cis218-assignment-2-JoonHan-v3/.venv/lib/python3.8/site-packages/django/template/engine.py first seen with mtime 1654051250.3499258
File /mnt/raid1/Web/cis218-assignment-2-JoonHan-v3/.venv/lib/python3.8/site-packages/django/db/models/aggregates.py first seen with mtime 1654051250.3259258
File /mnt/raid1/Web/cis218-assignment-2-JoonHan-v3/.venv/lib/python3.8/site-packages/django/contrib/auth/checks.py first seen with mtime 1654051250.0219276
File /mnt/raid1/Web/cis218-assignment-2-JoonHan-v3/.venv/lib/python3.8/site-packages/django/db/models/query.py first seen with mtime 1654051250.3259258
File /mnt/raid1/Web/cis218-assignment-2-JoonHan-v3/.venv/lib/python3.8/site-packages/django/contrib/admin/templatetags/log.py first seen with mtime 1654051249.989928
File /mnt/raid1/Web/cis218-assignment-2-JoonHan-v3/.venv/lib/python3.8/site-packages/easy_thumbnails/templatetags/easy_thumbnails_tags.py first seen with mtime 1654051288.4097004
File /mnt/raid1/Web/cis218-assignment-2-JoonHan-v3/.venv/lib/python3.8/site-packages/django/template/loaders/cached.py first seen with mtime 1654051250.3499258
File /usr/lib/python3.8/subprocess.py first seen with mtime 1647346928.0
File /mnt/raid1/Web/cis218-assignment-2-JoonHan-v3/.venv/lib/python3.8/site-packages/lxml/_elementpath.cpython-38-x86_64-linux-gnu.so first seen with mtime 1654051288.2017016
File /mnt/raid1/Web/cis218-assignment-2-JoonHan-v3/.venv/lib/python3.8/site-packages/django/http/response.py first seen with mtime 1654051250.3459258
File /mnt/raid1/Web/cis218-assignment-2-JoonHan-v3/.venv/lib/python3.8/site-packages/easy_thumbnails/processors.py first seen with mtime 1654051288.4057004
File /mnt/raid1/Web/cis218-assignment-2-JoonHan-v3/.venv/lib/python3.8/site-packages/django/contrib/auth/management/__init__.py first seen with mtime 1654051250.0539274
File /mnt/raid1/Web/cis218-assignment-2-JoonHan-v3/.venv/lib/python3.8/site-packages/django/contrib/contenttypes/management/__init__.py first seen with mtime 1654051250.0819273
File /mnt/raid1/Web/cis218-assignment-2-JoonHan-v3/.venv/lib/python3.8/site-packages/django/core/serializers/base.py first seen with mtime 1654051250.309926
File /mnt/raid1/Web/cis218-assignment-2-JoonHan-v3/.venv/lib/python3.8/site-packages/django/core/checks/database.py first seen with mtime 1654051250.3019261
File /mnt/raid1/Web/cis218-assignment-2-JoonHan-v3/.venv/lib/python3.8/site-packages/django/template/smartif.py first seen with mtime 1654051250.3499258
File /mnt/raid1/Web/cis218-assignment-2-JoonHan-v3/.venv/lib/python3.8/site-packages/psycopg2/_range.py first seen with mtime 1654051671.087419
File /usr/lib/python3.8/sre_parse.py first seen with mtime 1647346928.0
File /usr/lib/python3.8/html/parser.py first seen with mtime 1647346928.0
File /mnt/raid1/Web/cis218-assignment-2-JoonHan-v3/.venv/lib/python3.8/site-packages/lxml/etree.cpython-38-x86_64-linux-gnu.so first seen with mtime 1654051288.2497013
File /mnt/raid1/Web/cis218-assignment-2-JoonHan-v3/.venv/lib/python3.8/site-packages/backports/zoneinfo/_tzpath.py first seen with mtime 1654051249.7259295
File /mnt/raid1/Web/cis218-assignment-2-JoonHan-v3/.venv/lib/python3.8/site-packages/django/core/cache/backends/locmem.py first seen with mtime 1654051250.3019261
File /mnt/raid1/Web/cis218-assignment-2-JoonHan-v3/.venv/lib/python3.8/site-packages/django/template/defaulttags.py first seen with mtime 1654051250.3499258
File /mnt/raid1/Web/cis218-assignment-2-JoonHan-v3/.venv/lib/python3.8/site-packages/django/contrib/auth/tokens.py first seen with mtime 1654051250.0219276
File /mnt/raid1/Web/cis218-assignment-2-JoonHan-v3/.venv/lib/python3.8/site-packages/django/forms/widgets.py first seen with mtime 1654051250.333926
File /mnt/raid1/Web/cis218-assignment-2-JoonHan-v3/.venv/lib/python3.8/site-packages/sqlparse/__init__.py first seen with mtime 1654051249.7419293
File /usr/lib/python3.8/unittest/main.py first seen with mtime 1647346928.0
File /mnt/raid1/Web/cis218-assignment-2-JoonHan-v3/.venv/lib/python3.8/site-packages/django/core/handlers/base.py first seen with mtime 1654051250.305926
File /mnt/raid1/Web/cis218-assignment-2-JoonHan-v3/account/__init__.py first seen with mtime 1647486510.0
File /usr/lib/python3.8/asyncio/locks.py first seen with mtime 1647346928.0
File /mnt/raid1/Web/cis218-assignment-2-JoonHan-v3/.venv/lib/python3.8/site-packages/reportlab/pdfbase/_fontdata_widths_helveticabold.py first seen with mtime 1654051287.625705
File /mnt/raid1/Web/cis218-assignment-2-JoonHan-v3/.venv/lib/python3.8/site-packages/django/utils/formats.py first seen with mtime 1654051250.3579257
File /mnt/raid1/Web/cis218-assignment-2-JoonHan-v3/.venv/lib/python3.8/site-packages/django/contrib/auth/backends.py first seen with mtime 1654051250.0219276
File /mnt/raid1/Web/cis218-assignment-2-JoonHan-v3/.venv/lib/python3.8/site-packages/django/contrib/admin/filters.py first seen with mtime 1654051249.8979285
File /usr/lib/python3.8/json/__init__.py first seen with mtime 1647346928.0
File /usr/lib/python3.8/enum.py first seen with mtime 1647346928.0
File /usr/lib/python3.8/importlib/abc.py first seen with mtime 1647346928.0
File /mnt/raid1/Web/cis218-assignment-2-JoonHan-v3/.venv/lib/python3.8/site-packages/django/views/decorators/http.py first seen with mtime 1654051250.3619256
File /usr/lib/python3.8/xml/dom/domreg.py first seen with mtime 1647346928.0
File /mnt/raid1/Web/cis218-assignment-2-JoonHan-v3/.venv/lib/python3.8/site-packages/reportlab/pdfbase/_fontdata_enc_macexpert.py first seen with mtime 1654051287.625705
File /mnt/raid1/Web/cis218-assignment-2-JoonHan-v3/.venv/lib/python3.8/site-packages/django/apps/registry.py first seen with mtime 1654051249.825929
File /mnt/raid1/Web/cis218-assignment-2-JoonHan-v3/.venv/lib/python3.8/site-packages/easy_thumbnails/templatetags/thumbnail.py first seen with mtime 1654051288.4097004
File /mnt/raid1/Web/cis218-assignment-2-JoonHan-v3/.venv/lib/python3.8/site-packages/django/db/backends/base/introspection.py first seen with mtime 1654051250.313926
File /mnt/raid1/Web/cis218-assignment-2-JoonHan-v3/.venv/lib/python3.8/site-packages/reportlab/pdfbase/_fontdata_widths_helvetica.py first seen with mtime 1654051287.629705
File /usr/lib/python3.8/email/mime/__init__.py first seen with mtime 1647346928.0
File /mnt/raid1/Web/cis218-assignment-2-JoonHan-v3/.venv/lib/python3.8/site-packages/reportlab/platypus/paraparser.py first seen with mtime 1654051287.641705
File /mnt/raid1/Web/cis218-assignment-2-JoonHan-v3/.venv/lib/python3.8/site-packages/tinycss2/ast.py first seen with mtime 1654051288.1697018
File /mnt/raid1/Web/cis218-assignment-2-JoonHan-v3/.venv/lib/python3.8/site-packages/easy_thumbnails/templatetags/__init__.py first seen with mtime 1654051288.4097004
File /mnt/raid1/Web/cis218-assignment-2-JoonHan-v3/.venv/lib/python3.8/site-packages/django/utils/tree.py first seen with mtime 1654051250.3619256
File /usr/lib/python3.8/asyncio/exceptions.py first seen with mtime 1647346928.0
File /mnt/raid1/Web/cis218-assignment-2-JoonHan-v3/.venv/lib/python3.8/site-packages/django/db/models/sql/query.py first seen with mtime 1654051250.333926
File /mnt/raid1/Web/cis218-assignment-2-JoonHan-v3/.venv/lib/python3.8/site-packages/sqlparse/lexer.py first seen with mtime 1654051249.7419293
File /usr/lib/python3.8/weakref.py first seen with mtime 1647346928.0
File /mnt/raid1/Web/cis218-assignment-2-JoonHan-v3/.venv/lib/python3.8/site-packages/django/forms/__init__.py first seen with mtime 1654051250.333926
File /mnt/raid1/Web/cis218-assignment-2-JoonHan-v3/.venv/lib/python3.8/site-packages/django/utils/asyncio.py first seen with mtime 1654051250.3539257
File /mnt/raid1/Web/cis218-assignment-2-JoonHan-v3/.venv/lib/python3.8/site-packages/psycopg2/extensions.py first seen with mtime 1654051671.087419
File /mnt/raid1/Web/cis218-assignment-2-JoonHan-v3/.venv/lib/python3.8/site-packages/django/templatetags/i18n.py first seen with mtime 1654051250.3499258
File /mnt/raid1/Web/cis218-assignment-2-JoonHan-v3/.venv/lib/python3.8/site-packages/django/db/backends/base/base.py first seen with mtime 1654051250.313926
File /mnt/raid1/Web/cis218-assignment-2-JoonHan-v3/.venv/lib/python3.8/site-packages/reportlab/pdfbase/_fontdata_widths_timesbolditalic.py first seen with mtime 1654051287.629705
File /mnt/raid1/Web/cis218-assignment-2-JoonHan-v3/.venv/lib/python3.8/site-packages/django/core/checks/messages.py first seen with mtime 1654051250.3019261
File /mnt/raid1/Web/cis218-assignment-2-JoonHan-v3/.venv/lib/python3.8/site-packages/django/views/static.py first seen with mtime 1654051250.3619256
File /mnt/raid1/Web/cis218-assignment-2-JoonHan-v3/.venv/lib/python3.8/site-packages/django/core/files/locks.py first seen with mtime 1654051250.3019261
File /mnt/raid1/Web/cis218-assignment-2-JoonHan-v3/.venv/lib/python3.8/site-packages/django/core/management/__init__.py first seen with mtime 1654051250.305926
File /usr/lib/python3.8/_sitebuiltins.py first seen with mtime 1647346928.0
File /usr/lib/python3.8/copy.py first seen with mtime 1647346928.0
File /mnt/raid1/Web/cis218-assignment-2-JoonHan-v3/.venv/lib/python3.8/site-packages/reportlab/rl_settings.py first seen with mtime 1654051287.5937052
File /mnt/raid1/Web/cis218-assignment-2-JoonHan-v3/actions/__init__.py first seen with mtime 1648110026.0
File /mnt/raid1/Web/cis218-assignment-2-JoonHan-v3/.venv/lib/python3.8/site-packages/reportlab/pdfbase/pdfmetrics.py first seen with mtime 1654051287.625705
File /mnt/raid1/Web/cis218-assignment-2-JoonHan-v3/.venv/lib/python3.8/site-packages/reportlab/lib/geomutils.py first seen with mtime 1654051287.633705
File /mnt/raid1/Web/cis218-assignment-2-JoonHan-v3/.venv/lib/python3.8/site-packages/django/views/decorators/cache.py first seen with mtime 1654051250.3619256
File /mnt/raid1/Web/cis218-assignment-2-JoonHan-v3/.venv/lib/python3.8/site-packages/django/core/wsgi.py first seen with mtime 1654051250.2979262
File /usr/lib/python3.8/email/parser.py first seen with mtime 1647346928.0
File /mnt/raid1/Web/cis218-assignment-2-JoonHan-v3/.venv/lib/python3.8/site-packages/PIL/_version.py first seen with mtime 1654051287.3257067
File /usr/lib/python3.8/ssl.py first seen with mtime 1647346928.0
File /mnt/raid1/Web/cis218-assignment-2-JoonHan-v3/.venv/lib/python3.8/site-packages/django/contrib/auth/password_validation.py first seen with mtime 1654051250.0219276
File /mnt/raid1/Web/cis218-assignment-2-JoonHan-v3/twits/models.py first seen with mtime 1651790822.0
File /mnt/raid1/Web/cis218-assignment-2-JoonHan-v3/.venv/lib/python3.8/site-packages/reportlab/lib/fonts.py first seen with mtime 1654051287.637705
File /mnt/raid1/Web/cis218-assignment-2-JoonHan-v3/.venv/lib/python3.8/site-packages/reportlab/pdfbase/_fontdata_enc_winansi.py first seen with mtime 1654051287.625705
File /mnt/raid1/Web/cis218-assignment-2-JoonHan-v3/.venv/lib/python3.8/site-packages/django/templatetags/tz.py first seen with mtime 1654051250.3539257
File /mnt/raid1/Web/cis218-assignment-2-JoonHan-v3/.venv/lib/python3.8/site-packages/reportlab/pdfgen/pathobject.py first seen with mtime 1654051287.5937052
File /usr/lib/python3.8/base64.py first seen with mtime 1647346928.0
File /mnt/raid1/Web/cis218-assignment-2-JoonHan-v3/.venv/lib/python3.8/site-packages/django/conf/locale/__init__.py first seen with mtime 1654051249.825929
File /mnt/raid1/Web/cis218-assignment-2-JoonHan-v3/.venv/lib/python3.8/site-packages/PIL/_util.py first seen with mtime 1654051287.329707
File /mnt/raid1/Web/cis218-assignment-2-JoonHan-v3/.venv/lib/python3.8/site-packages/django/utils/connection.py first seen with mtime 1654051250.3539257
File /usr/lib/python3.8/asyncio/runners.py first seen with mtime 1647346928.0
File /mnt/raid1/Web/cis218-assignment-2-JoonHan-v3/.venv/lib/python3.8/site-packages/reportlab/pdfbase/_fontdata_widths_courier.py first seen with mtime 1654051287.625705
File /mnt/raid1/Web/cis218-assignment-2-JoonHan-v3/.venv/lib/python3.8/site-packages/PIL/_binary.py first seen with mtime 1654051287.3417068
File /mnt/raid1/Web/cis218-assignment-2-JoonHan-v3/.venv/lib/python3.8/site-packages/django/core/files/images.py first seen with mtime 1654051250.3019261
File /mnt/raid1/Web/cis218-assignment-2-JoonHan-v3/.venv/lib/python3.8/site-packages/django/template/exceptions.py first seen with mtime 1654051250.3499258
File /mnt/raid1/Web/cis218-assignment-2-JoonHan-v3/.venv/lib/python3.8/site-packages/django/contrib/admin/apps.py first seen with mtime 1654051249.8979285
File /mnt/raid1/Web/cis218-assignment-2-JoonHan-v3/.venv/lib/python3.8/site-packages/django/utils/module_loading.py first seen with mtime 1654051250.3579257
File /mnt/raid1/Web/cis218-assignment-2-JoonHan-v3/.venv/lib/python3.8/site-packages/django/db/models/sql/datastructures.py first seen with mtime 1654051250.3299258
File /mnt/raid1/Web/cis218-assignment-2-JoonHan-v3/.venv/lib/python3.8/site-packages/backports/zoneinfo/__init__.py first seen with mtime 1654051249.7259295
File /mnt/raid1/Web/cis218-assignment-2-JoonHan-v3/.venv/lib/python3.8/site-packages/tinycss2/tokenizer.py first seen with mtime 1654051288.1697018
File /mnt/raid1/Web/cis218-assignment-2-JoonHan-v3/.venv/lib/python3.8/site-packages/django/template/loaders/app_directories.py first seen with mtime 1654051250.3499258
File /usr/lib/python3.8/wsgiref/headers.py first seen with mtime 1647346928.0
File /mnt/raid1/Web/cis218-assignment-2-JoonHan-v3/.venv/lib/python3.8/site-packages/django/core/mail/utils.py first seen with mtime 1654051250.305926
File /mnt/raid1/Web/cis218-assignment-2-JoonHan-v3/.venv/lib/python3.8/site-packages/django/utils/_os.py first seen with mtime 1654051250.3539257
File /usr/lib/python3.8/json/scanner.py first seen with mtime 1647346928.0
File /mnt/raid1/Web/cis218-assignment-2-JoonHan-v3/.venv/lib/python3.8/site-packages/django/conf/urls/static.py first seen with mtime 1654051249.8979285
File /mnt/raid1/Web/cis218-assignment-2-JoonHan-v3/.venv/lib/python3.8/site-packages/django/core/files/storage.py first seen with mtime 1654051250.305926
File /mnt/raid1/Web/cis218-assignment-2-JoonHan-v3/account/urls.py first seen with mtime 1648016544.0
File /mnt/raid1/Web/cis218-assignment-2-JoonHan-v3/.venv/lib/python3.8/site-packages/django/utils/dates.py first seen with mtime 1654051250.3579257
File /usr/lib/python3.8/email/feedparser.py first seen with mtime 1647346928.0
File /usr/lib/python3.8/asyncio/constants.py first seen with mtime 1647346928.0
File /mnt/raid1/Web/cis218-assignment-2-JoonHan-v3/.venv/lib/python3.8/site-packages/reportlab/graphics/utils.py first seen with mtime 1654051287.5937052
File /mnt/raid1/Web/cis218-assignment-2-JoonHan-v3/.venv/lib/python3.8/site-packages/reportlab/pdfbase/ttfonts.py first seen with mtime 1654051287.629705
File /mnt/raid1/Web/cis218-assignment-2-JoonHan-v3/.venv/lib/python3.8/site-packages/django/core/signing.py first seen with mtime 1654051250.2979262
File /mnt/raid1/Web/cis218-assignment-2-JoonHan-v3/.venv/lib/python3.8/site-packages/django/db/backends/base/schema.py first seen with mtime 1654051250.313926
File /mnt/raid1/Web/cis218-assignment-2-JoonHan-v3/.venv/lib/python3.8/site-packages/django/contrib/admin/templatetags/admin_list.py first seen with mtime 1654051249.989928
File /mnt/raid1/Web/cis218-assignment-2-JoonHan-v3/.venv/lib/python3.8/site-packages/django/contrib/messages/storage/__init__.py first seen with mtime 1654051250.1899266
File /usr/lib/python3.8/posixpath.py first seen with mtime 1647346928.0
File /mnt/raid1/Web/cis218-assignment-2-JoonHan-v3/.venv/lib/python3.8/site-packages/django/core/checks/async_checks.py first seen with mtime 1654051250.3019261
File /usr/lib/python3.8/concurrent/__init__.py first seen with mtime 1647346928.0
File /mnt/raid1/Web/cis218-assignment-2-JoonHan-v3/account/views.py first seen with mtime 1648545590.0
File /mnt/raid1/Web/cis218-assignment-2-JoonHan-v3/.venv/lib/python3.8/site-packages/asgiref/local.py first seen with mtime 1654051249.63793
File /usr/lib/python3.8/io.py first seen with mtime 1647346928.0
File /usr/lib/python3.8/collections/__init__.py first seen with mtime 1647346928.0
File /mnt/raid1/Web/cis218-assignment-2-JoonHan-v3/.venv/lib/python3.8/site-packages/django/views/decorators/debug.py first seen with mtime 1654051250.3619256
File /mnt/raid1/Web/cis218-assignment-2-JoonHan-v3/.venv/lib/python3.8/site-packages/django/utils/safestring.py first seen with mtime 1654051250.3579257
File /mnt/raid1/Web/cis218-assignment-2-JoonHan-v3/.venv/lib/python3.8/site-packages/reportlab/lib/colors.py first seen with mtime 1654051287.637705
File /usr/lib/python3.8/http/cookies.py first seen with mtime 1647346928.0
File /usr/lib/python3.8/lib-dynload/_uuid.cpython-38-x86_64-linux-gnu.so first seen with mtime 1647346928.0
File /mnt/raid1/Web/cis218-assignment-2-JoonHan-v3/.venv/lib/python3.8/site-packages/django/dispatch/__init__.py first seen with mtime 1654051250.333926
File /usr/lib/python3.8/concurrent/futures/_base.py first seen with mtime 1647346928.0
File /usr/lib/python3.8/functools.py first seen with mtime 1647346928.0
File /usr/lib/python3.8/logging/config.py first seen with mtime 1647346928.0
File /mnt/raid1/Web/cis218-assignment-2-JoonHan-v3/.venv/lib/python3.8/site-packages/django/template/backends/base.py first seen with mtime 1654051250.3499258
File /usr/lib/python3.8/signal.py first seen with mtime 1647346928.0
File /mnt/raid1/Web/cis218-assignment-2-JoonHan-v3/.venv/lib/python3.8/site-packages/django/contrib/sessions/__init__.py first seen with mtime 1654051250.2419264
File /mnt/raid1/Web/cis218-assignment-2-JoonHan-v3/.venv/lib/python3.8/site-packages/django/db/models/fields/__init__.py first seen with mtime 1654051250.3299258
File /mnt/raid1/Web/cis218-assignment-2-JoonHan-v3/.venv/lib/python3.8/site-packages/django/contrib/sessions/backends/base.py first seen with mtime 1654051250.2419264
File /mnt/raid1/Web/cis218-assignment-2-JoonHan-v3/.venv/lib/python3.8/site-packages/django/core/cache/backends/__init__.py first seen with mtime 1654051250.3019261
File /mnt/raid1/Web/cis218-assignment-2-JoonHan-v3/.venv/lib/python3.8/site-packages/django/utils/duration.py first seen with mtime 1654051250.3579257
File /mnt/raid1/Web/cis218-assignment-2-JoonHan-v3/account/admin.py first seen with mtime 1647548566.0
File /mnt/raid1/Web/cis218-assignment-2-JoonHan-v3/.venv/lib/python3.8/site-packages/django/core/management/commands/__init__.py first seen with mtime 1654051250.305926
File /usr/lib/python3.8/email/generator.py first seen with mtime 1647346928.0
File /usr/lib/python3.8/asyncio/coroutines.py first seen with mtime 1647346928.0
File /mnt/raid1/Web/cis218-assignment-2-JoonHan-v3/.venv/lib/python3.8/site-packages/django/core/checks/__init__.py first seen with mtime 1654051250.3019261
File /mnt/raid1/Web/cis218-assignment-2-JoonHan-v3/.venv/lib/python3.8/site-packages/django/db/models/fields/proxy.py first seen with mtime 1654051250.3299258
File /mnt/raid1/Web/cis218-assignment-2-JoonHan-v3/.venv/lib/python3.8/site-packages/django/template/autoreload.py first seen with mtime 1654051250.3459258
File /mnt/raid1/Web/cis218-assignment-2-JoonHan-v3/.venv/lib/python3.8/site-packages/django/db/migrations/utils.py first seen with mtime 1654051250.3219259
File /mnt/raid1/Web/cis218-assignment-2-JoonHan-v3/.venv/lib/python3.8/site-packages/django/contrib/admin/views/__init__.py first seen with mtime 1654051249.989928
File /etc/python3.8/sitecustomize.py first seen with mtime 1584094456.0
File /mnt/raid1/Web/cis218-assignment-2-JoonHan-v3/.venv/lib/python3.8/site-packages/backports/__init__.py first seen with mtime 1654051249.7259295
File /usr/lib/python3.8/shlex.py first seen with mtime 1647346928.0
File /mnt/raid1/Web/cis218-assignment-2-JoonHan-v3/.venv/lib/python3.8/site-packages/django/db/models/constants.py first seen with mtime 1654051250.3259258
File /mnt/raid1/Web/cis218-assignment-2-JoonHan-v3/.venv/lib/python3.8/site-packages/django/db/models/fields/related_descriptors.py first seen with mtime 1654051250.3299258
File /mnt/raid1/Web/cis218-assignment-2-JoonHan-v3/.venv/lib/python3.8/site-packages/tinycss2/__init__.py first seen with mtime 1654051288.1697018
File /mnt/raid1/Web/cis218-assignment-2-JoonHan-v3/.venv/lib/python3.8/site-packages/django/contrib/admin/options.py first seen with mtime 1654051249.8979285
File /usr/lib/python3.8/asyncio/unix_events.py first seen with mtime 1647346928.0
File /mnt/raid1/Web/cis218-assignment-2-JoonHan-v3/.venv/lib/python3.8/site-packages/reportlab/lib/validators.py first seen with mtime 1654051287.637705
File /mnt/raid1/Web/cis218-assignment-2-JoonHan-v3/.venv/lib/python3.8/site-packages/reportlab/graphics/renderPM.py first seen with mtime 1654051287.5977051
File /usr/lib/python3.8/email/_encoded_words.py first seen with mtime 1647346928.0
File /mnt/raid1/Web/cis218-assignment-2-JoonHan-v3/.venv/lib/python3.8/site-packages/psycopg2/extras.py first seen with mtime 1654051671.087419
File /mnt/raid1/Web/cis218-assignment-2-JoonHan-v3/.venv/lib/python3.8/site-packages/django/db/models/fields/mixins.py first seen with mtime 1654051250.3299258
File /mnt/raid1/Web/cis218-assignment-2-JoonHan-v3/.venv/lib/python3.8/site-packages/easy_thumbnails/alias.py first seen with mtime 1654051288.4017005
File /usr/lib/python3.8/email/message.py first seen with mtime 1647346928.0
File /usr/lib/python3.8/asyncio/base_subprocess.py first seen with mtime 1647346928.0
File /usr/lib/python3.8/cgi.py first seen with mtime 1647346928.0
File /usr/lib/python3.8/urllib/request.py first seen with mtime 1647346928.0
File /mnt/raid1/Web/cis218-assignment-2-JoonHan-v3/.venv/lib/python3.8/site-packages/reportlab/lib/textsplit.py first seen with mtime 1654051287.637705
File /mnt/raid1/Web/cis218-assignment-2-JoonHan-v3/.venv/lib/python3.8/site-packages/tinycss2/nth.py first seen with mtime 1654051288.1697018
File /mnt/raid1/Web/cis218-assignment-2-JoonHan-v3/.venv/lib/python3.8/site-packages/django/contrib/contenttypes/models.py first seen with mtime 1654051250.0579276
File /mnt/raid1/Web/cis218-assignment-2-JoonHan-v3/.venv/lib/python3.8/site-packages/django/db/models/functions/datetime.py first seen with mtime 1654051250.3299258
File /usr/lib/python3.8/wsgiref/handlers.py first seen with mtime 1647346928.0
File /mnt/raid1/Web/cis218-assignment-2-JoonHan-v3/.venv/lib/python3.8/site-packages/django/contrib/__init__.py first seen with mtime 1654051249.8979285
File /mnt/raid1/Web/cis218-assignment-2-JoonHan-v3/.venv/lib/python3.8/site-packages/django/templatetags/static.py first seen with mtime 1654051250.3499258
File /usr/lib/python3.8/pprint.py first seen with mtime 1647346928.0
File /mnt/raid1/Web/cis218-assignment-2-JoonHan-v3/actions/admin.py first seen with mtime 1648023094.0
File /usr/lib/python3.8/asyncio/streams.py first seen with mtime 1647346928.0
File /mnt/raid1/Web/cis218-assignment-2-JoonHan-v3/.venv/lib/python3.8/site-packages/django/core/handlers/asgi.py first seen with mtime 1654051250.305926
File /mnt/raid1/Web/cis218-assignment-2-JoonHan-v3/.venv/lib/python3.8/site-packages/django/contrib/staticfiles/apps.py first seen with mtime 1654051250.2979262
File /usr/lib/python3.8/xml/dom/__init__.py first seen with mtime 1647346928.0
File /mnt/raid1/Web/cis218-assignment-2-JoonHan-v3/.venv/lib/python3.8/site-packages/cssselect2/__init__.py first seen with mtime 1654051288.1857016
File /mnt/raid1/Web/cis218-assignment-2-JoonHan-v3/.venv/lib/python3.8/site-packages/django/contrib/auth/apps.py first seen with mtime 1654051250.0219276
File /usr/lib/python3.8/abc.py first seen with mtime 1647346928.0
File /mnt/raid1/Web/cis218-assignment-2-JoonHan-v3/.venv/lib/python3.8/site-packages/django/template/loaders/base.py first seen with mtime 1654051250.3499258
File /usr/lib/python3.8/unittest/suite.py first seen with mtime 1647346928.0
File /usr/lib/python3.8/asyncio/__init__.py first seen with mtime 1647346928.0
File /mnt/raid1/Web/cis218-assignment-2-JoonHan-v3/.venv/lib/python3.8/site-packages/django/contrib/sessions/models.py first seen with mtime 1654051250.2419264
File /usr/lib/python3.8/ipaddress.py first seen with mtime 1647346928.0
File /mnt/raid1/Web/cis218-assignment-2-JoonHan-v3/.venv/lib/python3.8/site-packages/reportlab/pdfbase/_fontdata_enc_macroman.py first seen with mtime 1654051287.625705
File /usr/lib/python3.8/html/entities.py first seen with mtime 1647346928.0
File /mnt/raid1/Web/cis218-assignment-2-JoonHan-v3/.venv/lib/python3.8/site-packages/django/utils/encoding.py first seen with mtime 1654051250.3579257
File /mnt/raid1/Web/cis218-assignment-2-JoonHan-v3/account/forms.py first seen with mtime 1647550446.0
File /usr/lib/python3.8/email/mime/text.py first seen with mtime 1647346928.0
File /mnt/raid1/Web/cis218-assignment-2-JoonHan-v3/.venv/lib/python3.8/site-packages/django/utils/version.py first seen with mtime 1654051250.3619256
File /mnt/raid1/Web/cis218-assignment-2-JoonHan-v3/.venv/lib/python3.8/site-packages/django/apps/config.py first seen with mtime 1654051249.821929
File /mnt/raid1/Web/cis218-assignment-2-JoonHan-v3/.venv/lib/python3.8/site-packages/django/core/cache/utils.py first seen with mtime 1654051250.3019261
File /usr/lib/python3.8/email/encoders.py first seen with mtime 1647346928.0
File /usr/lib/python3.8/getpass.py first seen with mtime 1647346928.0
File /mnt/raid1/Web/cis218-assignment-2-JoonHan-v3/.venv/lib/python3.8/site-packages/sqlparse/sql.py first seen with mtime 1654051249.7419293
File /usr/lib/python3.8/uu.py first seen with mtime 1647346928.0
File /mnt/raid1/Web/cis218-assignment-2-JoonHan-v3/.venv/lib/python3.8/site-packages/django/utils/decorators.py first seen with mtime 1654051250.3579257
File /mnt/raid1/Web/cis218-assignment-2-JoonHan-v3/.venv/lib/python3.8/site-packages/reportlab/pdfbase/_fontdata_widths_timesitalic.py first seen with mtime 1654051287.625705
File /usr/lib/python3.8/lib-dynload/_asyncio.cpython-38-x86_64-linux-gnu.so first seen with mtime 1647346928.0
File /mnt/raid1/Web/cis218-assignment-2-JoonHan-v3/.venv/lib/python3.8/site-packages/django/contrib/admin/helpers.py first seen with mtime 1654051249.8979285
File /usr/lib/python3.8/contextvars.py first seen with mtime 1647346928.0
File /mnt/raid1/Web/cis218-assignment-2-JoonHan-v3/.venv/lib/python3.8/site-packages/django/contrib/admin/utils.py first seen with mtime 1654051249.8979285
File /mnt/raid1/Web/cis218-assignment-2-JoonHan-v3/.venv/lib/python3.8/site-packages/django/core/files/utils.py first seen with mtime 1654051250.305926
File /mnt/raid1/Web/cis218-assignment-2-JoonHan-v3/.venv/lib/python3.8/site-packages/PIL/__init__.py first seen with mtime 1654051287.329707
File /mnt/raid1/Web/cis218-assignment-2-JoonHan-v3/.venv/lib/python3.8/site-packages/django/db/models/sql/constants.py first seen with mtime 1654051250.3299258
File /usr/lib/python3.8/encodings/utf_16_le.py first seen with mtime 1647346928.0
File /mnt/raid1/Web/cis218-assignment-2-JoonHan-v3/.venv/lib/python3.8/site-packages/lxml/__init__.py first seen with mtime 1654051288.2497013
File /mnt/raid1/Web/cis218-assignment-2-JoonHan-v3/.venv/lib/python3.8/site-packages/django/template/utils.py first seen with mtime 1654051250.3499258
File /mnt/raid1/Web/cis218-assignment-2-JoonHan-v3/.venv/lib/python3.8/site-packages/django/views/generic/detail.py first seen with mtime 1654051250.3659256
File /usr/lib/python3.8/lzma.py first seen with mtime 1647346928.0
File /usr/lib/python3.8/asyncio/log.py first seen with mtime 1647346928.0
File /mnt/raid1/Web/cis218-assignment-2-JoonHan-v3/.venv/lib/python3.8/site-packages/reportlab/rl_config.py first seen with mtime 1654051287.5937052
File /mnt/raid1/Web/cis218-assignment-2-JoonHan-v3/.venv/lib/python3.8/site-packages/django/contrib/messages/apps.py first seen with mtime 1654051250.1899266
File /mnt/raid1/Web/cis218-assignment-2-JoonHan-v3/.venv/lib/python3.8/site-packages/sqlparse/engine/statement_splitter.py first seen with mtime 1654051249.7419293
File /mnt/raid1/Web/cis218-assignment-2-JoonHan-v3/common/decorators.py first seen with mtime 1648009208.0
File /mnt/raid1/Web/cis218-assignment-2-JoonHan-v3/.venv/lib/python3.8/site-packages/django/core/checks/urls.py first seen with mtime 1654051250.3019261
File /mnt/raid1/Web/cis218-assignment-2-JoonHan-v3/.venv/lib/python3.8/site-packages/django/contrib/admin/templatetags/__init__.py first seen with mtime 1654051249.989928
File /usr/lib/python3.8/bz2.py first seen with mtime 1647346928.0
File /mnt/raid1/Web/cis218-assignment-2-JoonHan-v3/.venv/lib/python3.8/site-packages/reportlab/pdfbase/_fontdata_widths_symbol.py first seen with mtime 1654051287.629705
File /mnt/raid1/Web/cis218-assignment-2-JoonHan-v3/.venv/lib/python3.8/site-packages/django/db/models/utils.py first seen with mtime 1654051250.3259258
File /usr/lib/python3.8/_collections_abc.py first seen with mtime 1647346928.0
File /mnt/raid1/Web/cis218-assignment-2-JoonHan-v3/.venv/lib/python3.8/site-packages/django/db/backends/base/operations.py first seen with mtime 1654051250.313926
File /usr/lib/python3.8/string.py first seen with mtime 1647346928.0
File /mnt/raid1/Web/cis218-assignment-2-JoonHan-v3/.venv/lib/python3.8/site-packages/sqlparse/engine/filter_stack.py first seen with mtime 1654051249.7419293
File /mnt/raid1/Web/cis218-assignment-2-JoonHan-v3/.venv/lib/python3.8/site-packages/django/forms/forms.py first seen with mtime 1654051250.333926
File /mnt/raid1/Web/cis218-assignment-2-JoonHan-v3/.venv/lib/python3.8/site-packages/django/contrib/admin/sites.py first seen with mtime 1654051249.8979285
File /mnt/raid1/Web/cis218-assignment-2-JoonHan-v3/.venv/lib/python3.8/site-packages/django/contrib/admin/views/autocomplete.py first seen with mtime 1654051249.989928
File /mnt/raid1/Web/cis218-assignment-2-JoonHan-v3/.venv/lib/python3.8/site-packages/django/core/files/__init__.py first seen with mtime 1654051250.3019261
File /mnt/raid1/Web/cis218-assignment-2-JoonHan-v3/.venv/lib/python3.8/site-packages/reportlab/pdfbase/_fontdata_widths_courierbold.py first seen with mtime 1654051287.629705
File /usr/lib/python3.8/unittest/__init__.py first seen with mtime 1647346928.0
File /usr/lib/python3.8/urllib/error.py first seen with mtime 1647346928.0
File /usr/lib/python3.8/token.py first seen with mtime 1647346928.0
File /mnt/raid1/Web/cis218-assignment-2-JoonHan-v3/.venv/lib/python3.8/site-packages/django/template/__init__.py first seen with mtime 1654051250.3459258
File /usr/lib/python3.8/lib-dynload/_contextvars.cpython-38-x86_64-linux-gnu.so first seen with mtime 1647346928.0
File /mnt/raid1/Web/cis218-assignment-2-JoonHan-v3/.venv/lib/python3.8/site-packages/reportlab/platypus/__init__.py first seen with mtime 1654051287.641705
File /mnt/raid1/Web/cis218-assignment-2-JoonHan-v3/.venv/lib/python3.8/site-packages/django/core/files/temp.py first seen with mtime 1654051250.305926
File /mnt/raid1/Web/cis218-assignment-2-JoonHan-v3/.venv/lib/python3.8/site-packages/django/db/transaction.py first seen with mtime 1654051250.313926
File /mnt/raid1/Web/cis218-assignment-2-JoonHan-v3/.venv/lib/python3.8/site-packages/django/db/models/__init__.py first seen with mtime 1654051250.3259258
File /mnt/raid1/Web/cis218-assignment-2-JoonHan-v3/.venv/lib/python3.8/site-packages/django/db/backends/postgresql/__init__.py first seen with mtime 1654051250.317926
File /usr/lib/python3.8/heapq.py first seen with mtime 1647346928.0
File /usr/lib/python3.8/unittest/util.py first seen with mtime 1647346928.0
File /mnt/raid1/Web/cis218-assignment-2-JoonHan-v3/.venv/lib/python3.8/site-packages/django/views/csrf.py first seen with mtime 1654051250.3619256
File /mnt/raid1/Web/cis218-assignment-2-JoonHan-v3/.venv/lib/python3.8/site-packages/reportlab/graphics/transform.py first seen with mtime 1654051287.5977051
File /usr/lib/python3.8/glob.py first seen with mtime 1647346928.0
File /usr/lib/python3.8/stat.py first seen with mtime 1647346928.0
File /mnt/raid1/Web/cis218-assignment-2-JoonHan-v3/.venv/lib/python3.8/site-packages/sqlparse/tokens.py first seen with mtime 1654051249.7419293
File /mnt/raid1/Web/cis218-assignment-2-JoonHan-v3/.venv/lib/python3.8/site-packages/django/db/backends/__init__.py first seen with mtime 1654051250.313926
File /usr/lib/python3.8/email/mime/base.py first seen with mtime 1647346928.0
File /usr/lib/python3.8/concurrent/futures/__init__.py first seen with mtime 1647346928.0
File /mnt/raid1/Web/cis218-assignment-2-JoonHan-v3/.venv/lib/python3.8/site-packages/django/db/models/functions/math.py first seen with mtime 1654051250.3299258
File /usr/lib/python3.8/sre_constants.py first seen with mtime 1647346928.0
File /mnt/raid1/Web/cis218-assignment-2-JoonHan-v3/.venv/lib/python3.8/site-packages/reportlab/lib/__init__.py first seen with mtime 1654051287.637705
File /mnt/raid1/Web/cis218-assignment-2-JoonHan-v3/.venv/lib/python3.8/site-packages/reportlab/lib/attrmap.py first seen with mtime 1654051287.637705
File /mnt/raid1/Web/cis218-assignment-2-JoonHan-v3/.venv/lib/python3.8/site-packages/tinycss2/bytes.py first seen with mtime 1654051288.1697018
File /mnt/raid1/Web/cis218-assignment-2-JoonHan-v3/.venv/lib/python3.8/site-packages/django/db/models/deletion.py first seen with mtime 1654051250.3259258
File /mnt/raid1/Web/cis218-assignment-2-JoonHan-v3/twits/__init__.py first seen with mtime 1647633320.0
File /mnt/raid1/Web/cis218-assignment-2-JoonHan-v3/.venv/lib/python3.8/site-packages/easy_thumbnails/signals.py first seen with mtime 1654051288.4057004
File /mnt/raid1/Web/cis218-assignment-2-JoonHan-v3/.venv/lib/python3.8/site-packages/django/contrib/messages/constants.py first seen with mtime 1654051250.1899266
File /usr/lib/python3.8/selectors.py first seen with mtime 1647346928.0
File /mnt/raid1/Web/cis218-assignment-2-JoonHan-v3/.venv/lib/python3.8/site-packages/django/http/request.py first seen with mtime 1654051250.3459258
File /mnt/raid1/Web/cis218-assignment-2-JoonHan-v3/.venv/lib/python3.8/site-packages/django/views/decorators/csrf.py first seen with mtime 1654051250.3619256
File /mnt/raid1/Web/cis218-assignment-2-JoonHan-v3/.venv/lib/python3.8/site-packages/sqlparse/filters/others.py first seen with mtime 1654051249.7419293
File /usr/lib/python3.8/email/errors.py first seen with mtime 1647346928.0
File /mnt/raid1/Web/cis218-assignment-2-JoonHan-v3/.venv/lib/python3.8/site-packages/django/db/migrations/exceptions.py first seen with mtime 1654051250.3219259
File /mnt/raid1/Web/cis218-assignment-2-JoonHan-v3/.venv/lib/python3.8/site-packages/django/core/management/base.py first seen with mtime 1654051250.305926
File /mnt/raid1/Web/cis218-assignment-2-JoonHan-v3/.venv/lib/python3.8/site-packages/django/utils/translation/trans_real.py first seen with mtime 1654051250.3619256
File /mnt/raid1/Web/cis218-assignment-2-JoonHan-v3/.venv/lib/python3.8/site-packages/sqlparse/keywords.py first seen with mtime 1654051249.7419293
File /mnt/raid1/Web/cis218-assignment-2-JoonHan-v3/.venv/lib/python3.8/site-packages/django/contrib/staticfiles/handlers.py first seen with mtime 1654051250.2979262
File /mnt/raid1/Web/cis218-assignment-2-JoonHan-v3/.venv/lib/python3.8/site-packages/reportlab/lib/styles.py first seen with mtime 1654051287.629705
File /mnt/raid1/Web/cis218-assignment-2-JoonHan-v3/.venv/lib/python3.8/site-packages/django/middleware/security.py first seen with mtime 1654051250.3459258
File /usr/lib/python3.8/email/iterators.py first seen with mtime 1647346928.0
File /mnt/raid1/Web/cis218-assignment-2-JoonHan-v3/.venv/lib/python3.8/site-packages/reportlab/pdfgen/pdfgeom.py first seen with mtime 1654051287.5937052
File /usr/lib/python3.8/opcode.py first seen with mtime 1647346928.0
File /mnt/raid1/Web/cis218-assignment-2-JoonHan-v3/.venv/lib/python3.8/site-packages/sqlparse/filters/tokens.py first seen with mtime 1654051249.7419293
File /mnt/raid1/Web/cis218-assignment-2-JoonHan-v3/.venv/lib/python3.8/site-packages/django/urls/resolvers.py first seen with mtime 1654051250.3539257
File /mnt/raid1/Web/cis218-assignment-2-JoonHan-v3/.venv/lib/python3.8/site-packages/reportlab/pdfbase/_fontdata_enc_symbol.py first seen with mtime 1654051287.629705
File /mnt/raid1/Web/cis218-assignment-2-JoonHan-v3/.venv/lib/python3.8/site-packages/django/template/context.py first seen with mtime 1654051250.3459258
File /usr/lib/python3.8/http/server.py first seen with mtime 1647346928.0
File /mnt/raid1/Web/cis218-assignment-2-JoonHan-v3/.venv/lib/python3.8/site-packages/sqlparse/filters/output.py first seen with mtime 1654051249.7419293
File /usr/lib/python3.8/codecs.py first seen with mtime 1647346928.0
File /mnt/raid1/Web/cis218-assignment-2-JoonHan-v3/.venv/lib/python3.8/site-packages/psycopg2/_psycopg.cpython-38-x86_64-linux-gnu.so first seen with mtime 1654051671.087419
File /mnt/raid1/Web/cis218-assignment-2-JoonHan-v3/.venv/lib/python3.8/site-packages/django/contrib/admin/models.py first seen with mtime 1654051249.8979285
File /mnt/raid1/Web/cis218-assignment-2-JoonHan-v3/.venv/lib/python3.8/site-packages/django/conf/__init__.py first seen with mtime 1654051249.825929
File /usr/lib/python3.8/asyncio/queues.py first seen with mtime 1647346928.0
File /usr/lib/python3.8/pickle.py first seen with mtime 1647346928.0
File /mnt/raid1/Web/cis218-assignment-2-JoonHan-v3/.venv/lib/python3.8/site-packages/django/contrib/sites/shortcuts.py first seen with mtime 1654051250.2699263
File /mnt/raid1/Web/cis218-assignment-2-JoonHan-v3/.venv/lib/python3.8/site-packages/django/forms/fields.py first seen with mtime 1654051250.333926
File /usr/lib/python3.8/email/contentmanager.py first seen with mtime 1647346928.0
File /usr/lib/python3.8/reprlib.py first seen with mtime 1647346928.0
File /mnt/raid1/Web/cis218-assignment-2-JoonHan-v3/.venv/lib/python3.8/site-packages/django/contrib/staticfiles/utils.py first seen with mtime 1654051250.2979262
File /mnt/raid1/Web/cis218-assignment-2-JoonHan-v3/.venv/lib/python3.8/site-packages/django/db/models/sql/__init__.py first seen with mtime 1654051250.3299258
File /mnt/raid1/Web/cis218-assignment-2-JoonHan-v3/.venv/lib/python3.8/site-packages/django/db/backends/base/validation.py first seen with mtime 1654051250.313926
File /mnt/raid1/Web/cis218-assignment-2-JoonHan-v3/.venv/lib/python3.8/site-packages/django/template/response.py first seen with mtime 1654051250.3499258
File /usr/lib/python3.8/encodings/utf_8.py first seen with mtime 1647346928.0
File /mnt/raid1/Web/cis218-assignment-2-JoonHan-v3/.venv/lib/python3.8/site-packages/django/core/__init__.py first seen with mtime 1654051250.2979262
File /mnt/raid1/Web/cis218-assignment-2-JoonHan-v3/.venv/lib/python3.8/site-packages/django/forms/formsets.py first seen with mtime 1654051250.333926
File /mnt/raid1/Web/cis218-assignment-2-JoonHan-v3/.venv/lib/python3.8/site-packages/django/core/servers/__init__.py first seen with mtime 1654051250.313926
File /usr/lib/python3.8/email/mime/message.py first seen with mtime 1647346928.0
File /mnt/raid1/Web/cis218-assignment-2-JoonHan-v3/.venv/lib/python3.8/site-packages/django/db/models/fields/json.py first seen with mtime 1654051250.3299258
File /mnt/raid1/Web/cis218-assignment-2-JoonHan-v3/.venv/lib/python3.8/site-packages/django/template/defaultfilters.py first seen with mtime 1654051250.3499258
File /mnt/raid1/Web/cis218-assignment-2-JoonHan-v3/.venv/lib/python3.8/site-packages/django/core/checks/security/__init__.py first seen with mtime 1654051250.3019261
File /usr/lib/python3.8/email/mime/multipart.py first seen with mtime 1647346928.0
File /mnt/raid1/Web/cis218-assignment-2-JoonHan-v3/.venv/lib/python3.8/site-packages/django/contrib/staticfiles/__init__.py first seen with mtime 1654051250.2979262
File /usr/lib/python3.8/operator.py first seen with mtime 1647346928.0
File /usr/lib/python3.8/wsgiref/simple_server.py first seen with mtime 1647346928.0
File /mnt/raid1/Web/cis218-assignment-2-JoonHan-v3/.venv/lib/python3.8/site-packages/easy_thumbnails/options.py first seen with mtime 1654051288.4057004
File /mnt/raid1/Web/cis218-assignment-2-JoonHan-v3/.venv/lib/python3.8/site-packages/sqlparse/formatter.py first seen with mtime 1654051249.7419293
File /mnt/raid1/Web/cis218-assignment-2-JoonHan-v3/.venv/lib/python3.8/site-packages/reportlab/lib/units.py first seen with mtime 1654051287.637705
File /mnt/raid1/Web/cis218-assignment-2-JoonHan-v3/.venv/lib/python3.8/site-packages/django/core/cache/backends/filebased.py first seen with mtime 1654051250.3019261
File /usr/lib/python3.8/mimetypes.py first seen with mtime 1647346928.0
File /mnt/raid1/Web/cis218-assignment-2-JoonHan-v3/.venv/lib/python3.8/site-packages/psycopg2/errorcodes.py first seen with mtime 1654051671.087419
File /usr/lib/python3.8/email/_header_value_parser.py first seen with mtime 1647346928.0
File /mnt/raid1/Web/cis218-assignment-2-JoonHan-v3/.venv/lib/python3.8/site-packages/reportlab/pdfgen/canvas.py first seen with mtime 1654051287.5937052
File /mnt/raid1/Web/cis218-assignment-2-JoonHan-v3/twits/templatetags/twit_tags.py first seen with mtime 1648082508.0
File /mnt/raid1/Web/cis218-assignment-2-JoonHan-v3/.venv/lib/python3.8/site-packages/tinycss2/parser.py first seen with mtime 1654051288.1697018
File /mnt/raid1/Web/cis218-assignment-2-JoonHan-v3/.venv/lib/python3.8/site-packages/django/contrib/admin/exceptions.py first seen with mtime 1654051249.8979285
File /mnt/raid1/Web/cis218-assignment-2-JoonHan-v3/.venv/lib/python3.8/site-packages/django/contrib/staticfiles/management/commands/runserver.py first seen with mtime 1654051250.2979262
File /usr/lib/python3.8/logging/handlers.py first seen with mtime 1647346928.0
File /mnt/raid1/Web/cis218-assignment-2-JoonHan-v3/.venv/lib/python3.8/site-packages/django/urls/utils.py first seen with mtime 1654051250.3539257
File /usr/lib/python3.8/unittest/case.py first seen with mtime 1647346928.0
File /mnt/raid1/Web/cis218-assignment-2-JoonHan-v3/.venv/lib/python3.8/site-packages/django/db/backends/postgresql/client.py first seen with mtime 1654051250.317926
File /mnt/raid1/Web/cis218-assignment-2-JoonHan-v3/twits/urls.py first seen with mtime 1648016424.0
File /usr/lib/python3.8/secrets.py first seen with mtime 1647346928.0
File /usr/lib/python3.8/email/policy.py first seen with mtime 1647346928.0
File /mnt/raid1/Web/cis218-assignment-2-JoonHan-v3/.venv/lib/python3.8/site-packages/reportlab/lib/enums.py first seen with mtime 1654051287.633705
File /usr/lib/python3.8/asyncio/trsock.py first seen with mtime 1647346928.0
File /mnt/raid1/Web/cis218-assignment-2-JoonHan-v3/.venv/lib/python3.8/site-packages/psycopg2/__init__.py first seen with mtime 1654051671.0794191
File /usr/lib/python3.8/asyncio/selector_events.py first seen with mtime 1647346928.0
File /usr/lib/python3.8/lib-dynload/_hashlib.cpython-38-x86_64-linux-gnu.so first seen with mtime 1647346928.0
File /mnt/raid1/Web/cis218-assignment-2-JoonHan-v3/.venv/lib/python3.8/site-packages/django/core/cache/backends/base.py first seen with mtime 1654051250.3019261
File /mnt/raid1/Web/cis218-assignment-2-JoonHan-v3/.venv/lib/python3.8/site-packages/reportlab/platypus/xpreformatted.py first seen with mtime 1654051287.641705
File /mnt/raid1/Web/cis218-assignment-2-JoonHan-v3/twits/views.py first seen with mtime 1650334158.0
File /mnt/raid1/Web/cis218-assignment-2-JoonHan-v3/.venv/lib/python3.8/site-packages/django/core/serializers/python.py first seen with mtime 1654051250.313926
File /mnt/raid1/Web/cis218-assignment-2-JoonHan-v3/.venv/lib/python3.8/site-packages/django/contrib/sites/__init__.py first seen with mtime 1654051250.2699263
File /mnt/raid1/Web/cis218-assignment-2-JoonHan-v3/.venv/lib/python3.8/site-packages/svglib/svglib.py first seen with mtime 1654051288.3857005
File /mnt/raid1/Web/cis218-assignment-2-JoonHan-v3/.venv/lib/python3.8/site-packages/django/contrib/messages/__init__.py first seen with mtime 1654051250.1899266
File /usr/lib/python3.8/queue.py first seen with mtime 1647346928.0
File /mnt/raid1/Web/cis218-assignment-2-JoonHan-v3/.venv/lib/python3.8/site-packages/cssselect2/parser.py first seen with mtime 1654051288.1857016
File /mnt/raid1/Web/cis218-assignment-2-JoonHan-v3/.venv/lib/python3.8/site-packages/django/contrib/contenttypes/fields.py first seen with mtime 1654051250.0579276
File /mnt/raid1/Web/cis218-assignment-2-JoonHan-v3/.venv/lib/python3.8/site-packages/django/core/checks/caches.py first seen with mtime 1654051250.3019261
File /mnt/raid1/Web/cis218-assignment-2-JoonHan-v3/.venv/lib/python3.8/site-packages/django/urls/__init__.py first seen with mtime 1654051250.3539257
File /usr/lib/python3.8/importlib/__init__.py first seen with mtime 1647346928.0
File /mnt/raid1/Web/cis218-assignment-2-JoonHan-v3/.venv/lib/python3.8/site-packages/django/db/migrations/migration.py first seen with mtime 1654051250.3219259
File /mnt/raid1/Web/cis218-assignment-2-JoonHan-v3/.venv/lib/python3.8/site-packages/django/utils/log.py first seen with mtime 1654051250.3579257
File /usr/lib/python3.8/asyncio/format_helpers.py first seen with mtime 1647346928.0
File /mnt/raid1/Web/cis218-assignment-2-JoonHan-v3/.venv/lib/python3.8/site-packages/django/contrib/contenttypes/__init__.py first seen with mtime 1654051250.0579276
File /mnt/raid1/Web/cis218-assignment-2-JoonHan-v3/.venv/lib/python3.8/site-packages/django/core/handlers/wsgi.py first seen with mtime 1654051250.305926
File /mnt/raid1/Web/cis218-assignment-2-JoonHan-v3/.venv/lib/python3.8/site-packages/django/templatetags/l10n.py first seen with mtime 1654051250.3499258
File /mnt/raid1/Web/cis218-assignment-2-JoonHan-v3/.venv/lib/python3.8/site-packages/django/core/mail/__init__.py first seen with mtime 1654051250.305926
File /mnt/raid1/Web/cis218-assignment-2-JoonHan-v3/.venv/lib/python3.8/site-packages/django/db/models/functions/comparison.py first seen with mtime 1654051250.3299258
File /mnt/raid1/Web/cis218-assignment-2-JoonHan-v3/.venv/lib/python3.8/site-packages/reportlab/pdfgen/textobject.py first seen with mtime 1654051287.5937052
File /usr/lib/python3.8/asyncio/base_futures.py first seen with mtime 1647346928.0
File /mnt/raid1/Web/cis218-assignment-2-JoonHan-v3/.venv/lib/python3.8/site-packages/reportlab/graphics/__init__.py first seen with mtime 1654051287.601705
File /mnt/raid1/Web/cis218-assignment-2-JoonHan-v3/.venv/lib/python3.8/site-packages/reportlab/pdfgen/pdfimages.py first seen with mtime 1654051287.5937052
File /mnt/raid1/Web/cis218-assignment-2-JoonHan-v3/.venv/lib/python3.8/site-packages/psycopg2/_ipaddress.py first seen with mtime 1654051671.0794191
File /usr/lib/python3.8/lib-dynload/_lzma.cpython-38-x86_64-linux-gnu.so first seen with mtime 1647346928.0
File /usr/lib/python3.8/asyncio/protocols.py first seen with mtime 1647346928.0
File /mnt/raid1/Web/cis218-assignment-2-JoonHan-v3/.venv/lib/python3.8/site-packages/reportlab/pdfbase/_fontdata_widths_courierboldoblique.py first seen with mtime 1654051287.625705
File /mnt/raid1/Web/cis218-assignment-2-JoonHan-v3/.venv/lib/python3.8/site-packages/django/http/multipartparser.py first seen with mtime 1654051250.3459258
File /mnt/raid1/Web/cis218-assignment-2-JoonHan-v3/twits/admin.py first seen with mtime 1647687820.0
File /mnt/raid1/Web/cis218-assignment-2-JoonHan-v3/.venv/lib/python3.8/site-packages/django/utils/datastructures.py first seen with mtime 1654051250.3579257
File /usr/lib/python3.8/unittest/async_case.py first seen with mtime 1647346928.0
File /mnt/raid1/Web/cis218-assignment-2-JoonHan-v3/.venv/lib/python3.8/site-packages/reportlab/pdfbase/_fontdata.py first seen with mtime 1654051287.625705
File /mnt/raid1/Web/cis218-assignment-2-JoonHan-v3/.venv/lib/python3.8/site-packages/django/contrib/auth/base_user.py first seen with mtime 1654051250.0219276
File /mnt/raid1/Web/cis218-assignment-2-JoonHan-v3/.venv/lib/python3.8/site-packages/django/contrib/auth/models.py first seen with mtime 1654051250.0219276
File /mnt/raid1/Web/cis218-assignment-2-JoonHan-v3/.venv/lib/python3.8/site-packages/reportlab/graphics/renderSVG.py first seen with mtime 1654051287.601705
File /mnt/raid1/Web/cis218-assignment-2-JoonHan-v3/.venv/lib/python3.8/site-packages/django/urls/converters.py first seen with mtime 1654051250.3539257
File /mnt/raid1/Web/cis218-assignment-2-JoonHan-v3/.venv/lib/python3.8/site-packages/sqlparse/filters/aligned_indent.py first seen with mtime 1654051249.7419293
File /mnt/raid1/Web/cis218-assignment-2-JoonHan-v3/.venv/lib/python3.8/site-packages/sqlparse/filters/reindent.py first seen with mtime 1654051249.7419293
File /usr/lib/python3.8/email/quoprimime.py first seen with mtime 1647346928.0
File /usr/lib/python3.8/shutil.py first seen with mtime 1647346928.0
File /mnt/raid1/Web/cis218-assignment-2-JoonHan-v3/.venv/lib/python3.8/site-packages/reportlab/pdfbase/_fontdata_widths_helveticaoblique.py first seen with mtime 1654051287.629705
File /mnt/raid1/Web/cis218-assignment-2-JoonHan-v3/.venv/lib/python3.8/site-packages/sqlparse/filters/right_margin.py first seen with mtime 1654051249.7419293
File /mnt/raid1/Web/cis218-assignment-2-JoonHan-v3/.venv/lib/python3.8/site-packages/reportlab/pdfbase/_fontdata_widths_timesbold.py first seen with mtime 1654051287.625705
File /mnt/raid1/Web/cis218-assignment-2-JoonHan-v3/.venv/lib/python3.8/site-packages/easy_thumbnails/engine.py first seen with mtime 1654051288.4017005
File /usr/lib/python3.8/fnmatch.py first seen with mtime 1647346928.0
File /mnt/raid1/Web/cis218-assignment-2-JoonHan-v3/.venv/lib/python3.8/site-packages/reportlab/pdfbase/pdfdoc.py first seen with mtime 1654051287.625705
File /usr/lib/python3.8/difflib.py first seen with mtime 1647346928.0
File /mnt/raid1/Web/cis218-assignment-2-JoonHan-v3/.venv/lib/python3.8/site-packages/django/contrib/sessions/base_session.py first seen with mtime 1654051250.2419264
File /mnt/raid1/Web/cis218-assignment-2-JoonHan-v3/.venv/lib/python3.8/site-packages/easy_thumbnails/files.py first seen with mtime 1654051288.4017005
File /usr/lib/python3.8/ast.py first seen with mtime 1647346928.0
File /mnt/raid1/Web/cis218-assignment-2-JoonHan-v3/.venv/lib/python3.8/site-packages/reportlab/pdfbase/_fontdata_enc_pdfdoc.py first seen with mtime 1654051287.625705
File /mnt/raid1/Web/cis218-assignment-2-JoonHan-v3/.venv/lib/python3.8/site-packages/PIL/_imaging.cpython-38-x86_64-linux-gnu.so first seen with mtime 1654051287.3377068
File /mnt/raid1/Web/cis218-assignment-2-JoonHan-v3/.venv/lib/python3.8/site-packages/asgiref/sync.py first seen with mtime 1654051249.63793
File /mnt/raid1/Web/cis218-assignment-2-JoonHan-v3/.venv/lib/python3.8/site-packages/django/contrib/admin/templatetags/admin_modify.py first seen with mtime 1654051249.989928
File /usr/lib/python3.8/xml/__init__.py first seen with mtime 1647346928.0
File /mnt/raid1/Web/cis218-assignment-2-JoonHan-v3/.venv/lib/python3.8/site-packages/django/template/loader_tags.py first seen with mtime 1654051250.3499258
File /usr/lib/python3.8/lib-dynload/_decimal.cpython-38-x86_64-linux-gnu.so first seen with mtime 1647346928.0
File /mnt/raid1/Web/cis218-assignment-2-JoonHan-v3/.venv/lib/python3.8/site-packages/reportlab/__init__.py first seen with mtime 1654051287.5937052
File /mnt/raid1/Web/cis218-assignment-2-JoonHan-v3/.venv/lib/python3.8/site-packages/django/core/exceptions.py first seen with mtime 1654051250.2979262
File /mnt/raid1/Web/cis218-assignment-2-JoonHan-v3/.venv/lib/python3.8/site-packages/django/db/models/fields/reverse_related.py first seen with mtime 1654051250.3299258
File /mnt/raid1/Web/cis218-assignment-2-JoonHan-v3/.venv/lib/python3.8/site-packages/reportlab/lib/logger.py first seen with mtime 1654051287.629705
File /mnt/raid1/Web/cis218-assignment-2-JoonHan-v3/.venv/lib/python3.8/site-packages/django/core/files/move.py first seen with mtime 1654051250.3019261
File /mnt/raid1/Web/cis218-assignment-2-JoonHan-v3/.venv/lib/python3.8/site-packages/django/db/migrations/__init__.py first seen with mtime 1654051250.3219259
File /usr/lib/python3.8/_bootlocale.py first seen with mtime 1647346928.0
File /mnt/raid1/Web/cis218-assignment-2-JoonHan-v3/.venv/lib/python3.8/site-packages/django/db/migrations/operations/special.py first seen with mtime 1654051250.3259258
File /mnt/raid1/Web/cis218-assignment-2-JoonHan-v3/.venv/lib/python3.8/site-packages/reportlab/pdfbase/_fontdata_enc_zapfdingbats.py first seen with mtime 1654051287.625705
File /mnt/raid1/Web/cis218-assignment-2-JoonHan-v3/.venv/lib/python3.8/site-packages/reportlab/platypus/doctemplate.py first seen with mtime 1654051287.641705
File /mnt/raid1/Web/cis218-assignment-2-JoonHan-v3/.venv/lib/python3.8/site-packages/django/contrib/sessions/middleware.py first seen with mtime 1654051250.2419264
File /mnt/raid1/Web/cis218-assignment-2-JoonHan-v3/.venv/lib/python3.8/site-packages/django/db/backends/signals.py first seen with mtime 1654051250.313926
File /usr/lib/python3.8/socket.py first seen with mtime 1647346928.0
File /mnt/raid1/Web/cis218-assignment-2-JoonHan-v3/.venv/lib/python3.8/site-packages/django/db/utils.py first seen with mtime 1654051250.313926
File /mnt/raid1/Web/cis218-assignment-2-JoonHan-v3/.venv/lib/python3.8/site-packages/reportlab/lib/boxstuff.py first seen with mtime 1654051287.637705
File /mnt/raid1/Web/cis218-assignment-2-JoonHan-v3/.venv/lib/python3.8/site-packages/django/shortcuts.py first seen with mtime 1654051249.821929
File /usr/lib/python3.8/quopri.py first seen with mtime 1647346928.0
File /usr/lib/python3.8/copyreg.py first seen with mtime 1647346928.0
File /mnt/raid1/Web/cis218-assignment-2-JoonHan-v3/.venv/lib/python3.8/site-packages/django/contrib/admin/templatetags/base.py first seen with mtime 1654051249.989928
File /mnt/raid1/Web/cis218-assignment-2-JoonHan-v3/.venv/lib/python3.8/site-packages/asgiref/current_thread_executor.py first seen with mtime 1654051249.63793
File /usr/lib/python3.8/locale.py first seen with mtime 1647346928.0
File /usr/lib/python3.8/lib-dynload/_json.cpython-38-x86_64-linux-gnu.so first seen with mtime 1647346928.0
File /mnt/raid1/Web/cis218-assignment-2-JoonHan-v3/.venv/lib/python3.8/site-packages/django/db/models/fields/files.py first seen with mtime 1654051250.3299258
File /mnt/raid1/Web/cis218-assignment-2-JoonHan-v3/.venv/lib/python3.8/site-packages/django/db/backends/postgresql/introspection.py first seen with mtime 1654051250.317926
File /mnt/raid1/Web/cis218-assignment-2-JoonHan-v3/.venv/lib/python3.8/site-packages/django/db/models/sql/subqueries.py first seen with mtime 1654051250.333926
File /mnt/raid1/Web/cis218-assignment-2-JoonHan-v3/twits/forms.py first seen with mtime 1647676402.0
File /usr/lib/python3.8/types.py first seen with mtime 1647346928.0
File /mnt/raid1/Web/cis218-assignment-2-JoonHan-v3/.venv/lib/python3.8/site-packages/django/dispatch/dispatcher.py first seen with mtime 1654051250.333926
File /mnt/raid1/Web/cis218-assignment-2-JoonHan-v3/.venv/lib/python3.8/site-packages/backports/zoneinfo/_common.py first seen with mtime 1654051249.7299294
File /mnt/raid1/Web/cis218-assignment-2-JoonHan-v3/.venv/lib/python3.8/site-packages/cssselect2/tree.py first seen with mtime 1654051288.1857016
File /mnt/raid1/Web/cis218-assignment-2-JoonHan-v3/.venv/lib/python3.8/site-packages/django/conf/global_settings.py first seen with mtime 1654051249.825929
File /usr/lib/python3.8/email/_policybase.py first seen with mtime 1647346928.0
File /mnt/raid1/Web/cis218-assignment-2-JoonHan-v3/.venv/lib/python3.8/site-packages/reportlab/pdfbase/__init__.py first seen with mtime 1654051287.629705
File /mnt/raid1/Web/cis218-assignment-2-JoonHan-v3/.venv/lib/python3.8/site-packages/django/contrib/admin/widgets.py first seen with mtime 1654051249.8979285
File /usr/lib/python3.8/uuid.py first seen with mtime 1647346928.0
File /usr/lib/python3.8/lib-dynload/_opcode.cpython-38-x86_64-linux-gnu.so first seen with mtime 1647346928.0
File /usr/lib/python3.8/gzip.py first seen with mtime 1647346928.0
File /mnt/raid1/Web/cis218-assignment-2-JoonHan-v3/.venv/lib/python3.8/site-packages/django/template/base.py first seen with mtime 1654051250.3459258
File /mnt/raid1/Web/cis218-assignment-2-JoonHan-v3/.venv/lib/python3.8/site-packages/django/utils/translation/reloader.py first seen with mtime 1654051250.3619256
File /mnt/raid1/Web/cis218-assignment-2-JoonHan-v3/.venv/lib/python3.8/site-packages/django/views/generic/__init__.py first seen with mtime 1654051250.3619256
File /mnt/raid1/Web/cis218-assignment-2-JoonHan-v3/account/templates/registration first seen with mtime 1647536188.0
File /mnt/raid1/Web/cis218-assignment-2-JoonHan-v3/account/templates/base.html first seen with mtime 1650336030.0
File /mnt/raid1/Web/cis218-assignment-2-JoonHan-v3/account/templates/account first seen with mtime 1647550014.0
File /mnt/raid1/Web/cis218-assignment-2-JoonHan-v3/account/templates/registration/login.html first seen with mtime 1647645790.0
File /mnt/raid1/Web/cis218-assignment-2-JoonHan-v3/account/templates/registration/password_reset_done.html first seen with mtime 1647535512.0
File /mnt/raid1/Web/cis218-assignment-2-JoonHan-v3/account/templates/registration/logged_out.html first seen with mtime 1647495574.0
File /mnt/raid1/Web/cis218-assignment-2-JoonHan-v3/account/templates/registration/password_reset_confirm.html first seen with mtime 1647538938.0
File /mnt/raid1/Web/cis218-assignment-2-JoonHan-v3/account/templates/registration/password_reset_email.html first seen with mtime 1647538672.0
File /mnt/raid1/Web/cis218-assignment-2-JoonHan-v3/account/templates/registration/password_change_form.html first seen with mtime 1647534696.0
File /mnt/raid1/Web/cis218-assignment-2-JoonHan-v3/account/templates/registration/password_reset_form.html first seen with mtime 1647538334.0
File /mnt/raid1/Web/cis218-assignment-2-JoonHan-v3/account/templates/registration/password_reset_complete.html first seen with mtime 1647539030.0
File /mnt/raid1/Web/cis218-assignment-2-JoonHan-v3/account/templates/registration/password_change_done.html first seen with mtime 1647497146.0
File /mnt/raid1/Web/cis218-assignment-2-JoonHan-v3/account/templates/account/register.html first seen with mtime 1647644430.0
File /mnt/raid1/Web/cis218-assignment-2-JoonHan-v3/account/templates/account/dashboard.html first seen with mtime 1647492362.0
File /mnt/raid1/Web/cis218-assignment-2-JoonHan-v3/account/templates/account/register_done.html first seen with mtime 1647543546.0
File /mnt/raid1/Web/cis218-assignment-2-JoonHan-v3/account/templates/account/edit.html first seen with mtime 1647644390.0
File /mnt/raid1/Web/cis218-assignment-2-JoonHan-v3/twits/templates/twits first seen with mtime 1648009240.0
File /mnt/raid1/Web/cis218-assignment-2-JoonHan-v3/twits/templates/twits/add_twit.html first seen with mtime 1647672630.0
File /mnt/raid1/Web/cis218-assignment-2-JoonHan-v3/twits/templates/twits/add_comment.html first seen with mtime 1647938578.0
File /mnt/raid1/Web/cis218-assignment-2-JoonHan-v3/twits/templates/twits/list_users.html first seen with mtime 1648107640.0
File /mnt/raid1/Web/cis218-assignment-2-JoonHan-v3/twits/templates/twits/user_twits.html first seen with mtime 1648242290.0
File /mnt/raid1/Web/cis218-assignment-2-JoonHan-v3/twits/templates/twits/list_twits.html first seen with mtime 1648546836.0
File /mnt/raid1/Web/cis218-assignment-2-JoonHan-v3/.venv/lib/python3.8/site-packages/django/contrib/sessions/migrations/0001_initial.py first seen with mtime 1654051250.2699263
File /mnt/raid1/Web/cis218-assignment-2-JoonHan-v3/.venv/lib/python3.8/site-packages/easy_thumbnails/migrations/0002_thumbnaildimensions.py first seen with mtime 1654051288.4097004
File /mnt/raid1/Web/cis218-assignment-2-JoonHan-v3/.venv/lib/python3.8/site-packages/django/contrib/auth/migrations/0009_alter_user_last_name_max_length.py first seen with mtime 1654051250.0539274
File /mnt/raid1/Web/cis218-assignment-2-JoonHan-v3/.venv/lib/python3.8/site-packages/django/db/migrations/recorder.py first seen with mtime 1654051250.3219259
File /mnt/raid1/Web/cis218-assignment-2-JoonHan-v3/.venv/lib/python3.8/site-packages/django/middleware/clickjacking.py first seen with mtime 1654051250.3459258
File /mnt/raid1/Web/cis218-assignment-2-JoonHan-v3/actions/migrations/0001_initial.py first seen with mtime 1648022798.0
File /mnt/raid1/Web/cis218-assignment-2-JoonHan-v3/.venv/lib/python3.8/site-packages/django/contrib/auth/migrations/0011_update_proxy_permissions.py first seen with mtime 1654051250.0539274
File /mnt/raid1/Web/cis218-assignment-2-JoonHan-v3/.venv/lib/python3.8/site-packages/django/contrib/admin/migrations/__init__.py first seen with mtime 1654051249.9619281
File /mnt/raid1/Web/cis218-assignment-2-JoonHan-v3/.venv/lib/python3.8/site-packages/django/contrib/auth/migrations/0010_alter_group_name_max_length.py first seen with mtime 1654051250.0539274
File /mnt/raid1/Web/cis218-assignment-2-JoonHan-v3/.venv/lib/python3.8/site-packages/django/contrib/auth/migrations/0006_require_contenttypes_0002.py first seen with mtime 1654051250.0539274
File /mnt/raid1/Web/cis218-assignment-2-JoonHan-v3/twits/migrations/0010_alter_twit_image.py first seen with mtime 1651790858.0
File /mnt/raid1/Web/cis218-assignment-2-JoonHan-v3/twits/migrations/0003_alter_twit_image.py first seen with mtime 1647668258.0
File /mnt/raid1/Web/cis218-assignment-2-JoonHan-v3/.venv/lib/python3.8/site-packages/django/contrib/messages/middleware.py first seen with mtime 1654051250.1899266
File /mnt/raid1/Web/cis218-assignment-2-JoonHan-v3/actions/migrations/__init__.py first seen with mtime 1648021284.0
File /mnt/raid1/Web/cis218-assignment-2-JoonHan-v3/.venv/lib/python3.8/site-packages/easy_thumbnails/migrations/__init__.py first seen with mtime 1654051288.4097004
File /mnt/raid1/Web/cis218-assignment-2-JoonHan-v3/.venv/lib/python3.8/site-packages/django/db/migrations/graph.py first seen with mtime 1654051250.3219259
File /usr/lib/python3.8/encodings/idna.py first seen with mtime 1647346928.0
File /mnt/raid1/Web/cis218-assignment-2-JoonHan-v3/.venv/lib/python3.8/site-packages/django/contrib/admin/migrations/0002_logentry_remove_auto_add.py first seen with mtime 1654051249.9619281
File /mnt/raid1/Web/cis218-assignment-2-JoonHan-v3/.venv/lib/python3.8/site-packages/django/db/models/sql/compiler.py first seen with mtime 1654051250.3299258
File /mnt/raid1/Web/cis218-assignment-2-JoonHan-v3/account/migrations/0004_alter_profile_photo.py first seen with mtime 1651790352.0
File /mnt/raid1/Web/cis218-assignment-2-JoonHan-v3/twits/migrations/0002_alter_twit_image.py first seen with mtime 1647644210.0
File /mnt/raid1/Web/cis218-assignment-2-JoonHan-v3/.venv/lib/python3.8/site-packages/django/db/migrations/loader.py first seen with mtime 1654051250.3219259
File /mnt/raid1/Web/cis218-assignment-2-JoonHan-v3/.venv/lib/python3.8/site-packages/django/contrib/auth/migrations/0002_alter_permission_name_max_length.py first seen with mtime 1654051250.0539274
File /mnt/raid1/Web/cis218-assignment-2-JoonHan-v3/.venv/lib/python3.8/site-packages/django/contrib/auth/migrations/0004_alter_user_username_opts.py first seen with mtime 1654051250.0539274
File /mnt/raid1/Web/cis218-assignment-2-JoonHan-v3/.venv/lib/python3.8/site-packages/django/contrib/auth/migrations/0001_initial.py first seen with mtime 1654051250.0539274
File /mnt/raid1/Web/cis218-assignment-2-JoonHan-v3/.venv/lib/python3.8/site-packages/django/contrib/sessions/exceptions.py first seen with mtime 1654051250.2419264
File /mnt/raid1/Web/cis218-assignment-2-JoonHan-v3/account/migrations/0001_initial.py first seen with mtime 1647548298.0
File /mnt/raid1/Web/cis218-assignment-2-JoonHan-v3/.venv/lib/python3.8/site-packages/django/contrib/sessions/migrations/__init__.py first seen with mtime 1654051250.2699263
File /mnt/raid1/Web/cis218-assignment-2-JoonHan-v3/account/migrations/0003_contact.py first seen with mtime 1648014982.0
File /mnt/raid1/Web/cis218-assignment-2-JoonHan-v3/.venv/lib/python3.8/site-packages/django/contrib/auth/migrations/0003_alter_user_email_max_length.py first seen with mtime 1654051250.0539274
File /mnt/raid1/Web/cis218-assignment-2-JoonHan-v3/.venv/lib/python3.8/site-packages/django/contrib/auth/migrations/0007_alter_validators_add_error_messages.py first seen with mtime 1654051250.0539274
File /mnt/raid1/Web/cis218-assignment-2-JoonHan-v3/account/migrations/0002_alter_profile_photo.py first seen with mtime 1647643502.0
File /mnt/raid1/Web/cis218-assignment-2-JoonHan-v3/.venv/lib/python3.8/site-packages/django/contrib/admin/migrations/0003_logentry_add_action_flag_choices.py first seen with mtime 1654051249.9619281
File /mnt/raid1/Web/cis218-assignment-2-JoonHan-v3/twits/migrations/0001_initial.py first seen with mtime 1647634762.0
File /mnt/raid1/Web/cis218-assignment-2-JoonHan-v3/.venv/lib/python3.8/site-packages/django/contrib/auth/migrations/0005_alter_user_last_login_null.py first seen with mtime 1654051250.0539274
File /mnt/raid1/Web/cis218-assignment-2-JoonHan-v3/.venv/lib/python3.8/site-packages/django/contrib/contenttypes/migrations/0001_initial.py first seen with mtime 1654051250.0819273
File /mnt/raid1/Web/cis218-assignment-2-JoonHan-v3/twits/migrations/0009_alter_twit_image.py first seen with mtime 1651790454.0
File /mnt/raid1/Web/cis218-assignment-2-JoonHan-v3/twits/migrations/0006_alter_twit_users_like.py first seen with mtime 1647939130.0
File /mnt/raid1/Web/cis218-assignment-2-JoonHan-v3/twits/migrations/0004_twit_user_like.py first seen with mtime 1647927616.0
File /mnt/raid1/Web/cis218-assignment-2-JoonHan-v3/.venv/lib/python3.8/site-packages/django/contrib/admin/migrations/0001_initial.py first seen with mtime 1654051249.9619281
File /mnt/raid1/Web/cis218-assignment-2-JoonHan-v3/twits/migrations/0005_auto_20220322_0448.py first seen with mtime 1647938928.0
File /mnt/raid1/Web/cis218-assignment-2-JoonHan-v3/cis218_assignment_2/wsgi.py first seen with mtime 1654067754.3185258
File /mnt/raid1/Web/cis218-assignment-2-JoonHan-v3/.venv/lib/python3.8/site-packages/django/db/migrations/executor.py first seen with mtime 1654051250.3219259
File /usr/lib/python3.8/stringprep.py first seen with mtime 1647346928.0
File /mnt/raid1/Web/cis218-assignment-2-JoonHan-v3/twits/migrations/__init__.py first seen with mtime 1647633320.0
File /mnt/raid1/Web/cis218-assignment-2-JoonHan-v3/.venv/lib/python3.8/site-packages/django/contrib/contenttypes/migrations/__init__.py first seen with mtime 1654051250.0819273
File /mnt/raid1/Web/cis218-assignment-2-JoonHan-v3/.venv/lib/python3.8/site-packages/easy_thumbnails/migrations/0001_initial.py first seen with mtime 1654051288.4097004
File /mnt/raid1/Web/cis218-assignment-2-JoonHan-v3/.venv/lib/python3.8/site-packages/django/contrib/auth/migrations/__init__.py first seen with mtime 1654051250.0579276
File /mnt/raid1/Web/cis218-assignment-2-JoonHan-v3/.venv/lib/python3.8/site-packages/django/contrib/sessions/backends/db.py first seen with mtime 1654051250.2419264
File /mnt/raid1/Web/cis218-assignment-2-JoonHan-v3/.venv/lib/python3.8/site-packages/django/contrib/auth/migrations/0013_user_created_user_following.py first seen with mtime 1654051796.7226658
File /mnt/raid1/Web/cis218-assignment-2-JoonHan-v3/.venv/lib/python3.8/site-packages/django/contrib/auth/migrations/0008_alter_user_username_max_length.py first seen with mtime 1654051250.0539274
File /mnt/raid1/Web/cis218-assignment-2-JoonHan-v3/account/migrations/__init__.py first seen with mtime 1647486510.0
File /mnt/raid1/Web/cis218-assignment-2-JoonHan-v3/twits/migrations/0008_alter_twit_users_like.py first seen with mtime 1648247562.0
File /mnt/raid1/Web/cis218-assignment-2-JoonHan-v3/.venv/lib/python3.8/site-packages/django/middleware/common.py first seen with mtime 1654051250.3459258
File /mnt/raid1/Web/cis218-assignment-2-JoonHan-v3/.venv/lib/python3.8/site-packages/django/contrib/auth/migrations/0012_alter_user_first_name_max_length.py first seen with mtime 1654051250.0579276
File /mnt/raid1/Web/cis218-assignment-2-JoonHan-v3/.venv/lib/python3.8/site-packages/django/contrib/contenttypes/migrations/0002_remove_content_type_name.py first seen with mtime 1654051250.0819273
File /mnt/raid1/Web/cis218-assignment-2-JoonHan-v3/account/migrations/0005_alter_profile_photo.py first seen with mtime 1651790454.0
File /mnt/raid1/Web/cis218-assignment-2-JoonHan-v3/twits/migrations/0007_alter_comment_created_datetime.py first seen with mtime 1648077730.0
Not Found: /
"GET / HTTP/1.1" 404 179
Not Found: /favicon.ico
File /mnt/raid1/Web/cis218-assignment-2-JoonHan-v3/.venv/lib/python3.8/site-packages/django/contrib/messages/storage/fallback.py first seen with mtime 1654051250.1899266
File /mnt/raid1/Web/cis218-assignment-2-JoonHan-v3/.venv/lib/python3.8/site-packages/django/contrib/messages/storage/session.py first seen with mtime 1654051250.1899266
File /mnt/raid1/Web/cis218-assignment-2-JoonHan-v3/.venv/lib/python3.8/site-packages/django/contrib/messages/storage/cookie.py first seen with mtime 1654051250.1899266
File /mnt/raid1/Web/cis218-assignment-2-JoonHan-v3/.venv/lib/python3.8/site-packages/django/contrib/sessions/serializers.py first seen with mtime 1654051250.2419264
File /mnt/raid1/Web/cis218-assignment-2-JoonHan-v3/.venv/lib/python3.8/site-packages/django/contrib/messages/utils.py first seen with mtime 1654051250.1899266
File /mnt/raid1/Web/cis218-assignment-2-JoonHan-v3/.venv/lib/python3.8/site-packages/django/contrib/messages/storage/base.py first seen with mtime 1654051250.1899266
Exception while resolving variable 'section' in template 'twits/list_twits.html'.
Traceback (most recent call last):
  File "/mnt/raid1/Web/cis218-assignment-2-JoonHan-v3/.venv/lib/python3.8/site-packages/django/template/base.py", line 875, in _resolve_lookup
    current = current[bit]
  File "/mnt/raid1/Web/cis218-assignment-2-JoonHan-v3/.venv/lib/python3.8/site-packages/django/template/context.py", line 83, in __getitem__
    raise KeyError(key)
KeyError: 'section'

During handling of the above exception, another exception occurred:

Traceback (most recent call last):
  File "/mnt/raid1/Web/cis218-assignment-2-JoonHan-v3/.venv/lib/python3.8/site-packages/django/template/base.py", line 881, in _resolve_lookup
    if isinstance(current, BaseContext) and getattr(
AttributeError: type object 'RequestContext' has no attribute 'section'

During handling of the above exception, another exception occurred:

Traceback (most recent call last):
  File "/mnt/raid1/Web/cis218-assignment-2-JoonHan-v3/.venv/lib/python3.8/site-packages/django/template/base.py", line 891, in _resolve_lookup
    current = current[int(bit)]
ValueError: invalid literal for int() with base 10: 'section'

During handling of the above exception, another exception occurred:

Traceback (most recent call last):
  File "/mnt/raid1/Web/cis218-assignment-2-JoonHan-v3/.venv/lib/python3.8/site-packages/django/template/base.py", line 898, in _resolve_lookup
    raise VariableDoesNotExist(
django.template.base.VariableDoesNotExist: Failed lookup for key [section] in [{'True': True, 'False': False, 'None': None}, {'csrf_token': <SimpleLazyObject: <function csrf.<locals>._get_val at 0x7fc6cefa8ca0>>, 'request': <WSGIRequest: GET '/twits/'>, 'user': <SimpleLazyObject: <User: rockhan>>, 'perms': PermWrapper(<SimpleLazyObject: <User: rockhan>>), 'messages': <FallbackStorage: request=<WSGIRequest: GET '/twits/'>>, 'DEFAULT_MESSAGE_LEVELS': {'DEBUG': 10, 'INFO': 20, 'SUCCESS': 25, 'WARNING': 30, 'ERROR': 40}}, {}, {'twits': <QuerySet [<Twit: Twit object (14)>]>}]
Exception while resolving variable 'section' in template 'twits/list_twits.html'.
Traceback (most recent call last):
  File "/mnt/raid1/Web/cis218-assignment-2-JoonHan-v3/.venv/lib/python3.8/site-packages/django/template/base.py", line 875, in _resolve_lookup
    current = current[bit]
  File "/mnt/raid1/Web/cis218-assignment-2-JoonHan-v3/.venv/lib/python3.8/site-packages/django/template/context.py", line 83, in __getitem__
    raise KeyError(key)
KeyError: 'section'

During handling of the above exception, another exception occurred:

Traceback (most recent call last):
  File "/mnt/raid1/Web/cis218-assignment-2-JoonHan-v3/.venv/lib/python3.8/site-packages/django/template/base.py", line 881, in _resolve_lookup
    if isinstance(current, BaseContext) and getattr(
AttributeError: type object 'RequestContext' has no attribute 'section'

During handling of the above exception, another exception occurred:

Traceback (most recent call last):
  File "/mnt/raid1/Web/cis218-assignment-2-JoonHan-v3/.venv/lib/python3.8/site-packages/django/template/base.py", line 891, in _resolve_lookup
    current = current[int(bit)]
ValueError: invalid literal for int() with base 10: 'section'

During handling of the above exception, another exception occurred:

Traceback (most recent call last):
  File "/mnt/raid1/Web/cis218-assignment-2-JoonHan-v3/.venv/lib/python3.8/site-packages/django/template/base.py", line 898, in _resolve_lookup
    raise VariableDoesNotExist(
django.template.base.VariableDoesNotExist: Failed lookup for key [section] in [{'True': True, 'False': False, 'None': None}, {'csrf_token': <SimpleLazyObject: <function csrf.<locals>._get_val at 0x7fc6cefa8ca0>>, 'request': <WSGIRequest: GET '/twits/'>, 'user': <SimpleLazyObject: <User: rockhan>>, 'perms': PermWrapper(<SimpleLazyObject: <User: rockhan>>), 'messages': <FallbackStorage: request=<WSGIRequest: GET '/twits/'>>, 'DEFAULT_MESSAGE_LEVELS': {'DEBUG': 10, 'INFO': 20, 'SUCCESS': 25, 'WARNING': 30, 'ERROR': 40}}, {}, {'twits': <QuerySet [<Twit: Twit object (14)>]>}]
"GET /twits/ HTTP/1.1" 200 5882
Not Found: /static/css/base.css
"GET /static/css/base.css HTTP/1.1" 404 179
Not Found: /static/images/none.jpg
Not Found: /media/users/2022/05/31/images1.jpeg
"GET /static/images/none.jpg HTTP/1.1" 404 179
"GET /media/users/2022/05/31/images1.jpeg HTTP/1.1" 404 179
File /mnt/raid1/Web/cis218-assignment-2-JoonHan-v3/.venv/lib/python3.8/site-packages/django/conf/locale/en/formats.py first seen with mtime 1654051249.8419287
File /mnt/raid1/Web/cis218-assignment-2-JoonHan-v3/.venv/lib/python3.8/site-packages/django/conf/locale/en/__init__.py first seen with mtime 1654051249.8419287
File /mnt/raid1/Web/cis218-assignment-2-JoonHan-v3/.venv/lib/python3.8/site-packages/django/template/context_processors.py first seen with mtime 1654051250.3499258
File /mnt/raid1/Web/cis218-assignment-2-JoonHan-v3/.venv/lib/python3.8/site-packages/django/contrib/messages/context_processors.py first seen with mtime 1654051250.1899266
File /mnt/raid1/Web/cis218-assignment-2-JoonHan-v3/.venv/lib/python3.8/site-packages/django/contrib/auth/context_processors.py first seen with mtime 1654051250.0219276
File /mnt/raid1/Web/cis218-assignment-2-JoonHan-v3/.venv/lib/python3.8/site-packages/django/contrib/staticfiles/storage.py first seen with mtime 1654051250.2979262
File /mnt/raid1/Web/cis218-assignment-2-JoonHan-v3/account/authentication.py first seen with mtime 1647557030.0
Invalid HTTP_HOST header: 'rockserver.ddns.net:4090'. You may need to add 'rockserver.ddns.net' to ALLOWED_HOSTS.
Bad Request: /twit
Invalid HTTP_HOST header: 'rockserver.ddns.net:4090'. You may need to add 'rockserver.ddns.net' to ALLOWED_HOSTS.
Bad Request: /favicon.ico
Invalid HTTP_HOST header: 'rockserver.ddns.net:4090'. You may need to add 'rockserver.ddns.net' to ALLOWED_HOSTS.
Bad Request: /twit
Invalid HTTP_HOST header: 'rockserver.ddns.net:4090'. You may need to add 'rockserver.ddns.net' to ALLOWED_HOSTS.
Bad Request: /favicon.ico
Invalid HTTP_HOST header: 'rockserver.ddns.net:4090'. You may need to add 'rockserver.ddns.net' to ALLOWED_HOSTS.
Bad Request: /twit
Invalid HTTP_HOST header: 'rockserver.ddns.net:4090'. You may need to add 'rockserver.ddns.net' to ALLOWED_HOSTS.
Invalid HTTP_HOST header: 'rockserver.ddns.net:4090'. You may need to add 'rockserver.ddns.net' to ALLOWED_HOSTS.
Bad Request: /favicon.ico
Bad Request: /twit
Invalid HTTP_HOST header: 'rockserver.ddns.net:4090'. You may need to add 'rockserver.ddns.net' to ALLOWED_HOSTS.
Bad Request: /favicon.ico
Invalid HTTP_HOST header: 'rockserver.ddns.net:4090'. You may need to add 'rockserver.ddns.net' to ALLOWED_HOSTS.
Bad Request: /twit
Invalid HTTP_HOST header: 'rockserver.ddns.net:4090'. You may need to add 'rockserver.ddns.net' to ALLOWED_HOSTS.
Bad Request: /favicon.ico
Invalid HTTP_HOST header: 'rockserver.ddns.net:4090'. You may need to add 'rockserver.ddns.net' to ALLOWED_HOSTS.
Bad Request: /twit
Invalid HTTP_HOST header: 'rockserver.ddns.net:4090'. You may need to add 'rockserver.ddns.net' to ALLOWED_HOSTS.
Bad Request: /favicon.ico
Invalid HTTP_HOST header: 'rockserver.ddns.net:4090'. You may need to add 'rockserver.ddns.net' to ALLOWED_HOSTS.
Bad Request: /twits
Invalid HTTP_HOST header: 'rockserver.ddns.net:4090'. You may need to add 'rockserver.ddns.net' to ALLOWED_HOSTS.
Bad Request: /favicon.ico
Invalid HTTP_HOST header: 'rockserver.ddns.net:4090'. You may need to add 'rockserver.ddns.net' to ALLOWED_HOSTS.
Bad Request: /
Invalid HTTP_HOST header: 'rockserver.ddns.net:4090'. You may need to add 'rockserver.ddns.net' to ALLOWED_HOSTS.
Bad Request: /favicon.ico
Invalid HTTP_HOST header: 'rockserver.ddns.net:4090'. You may need to add 'rockserver.ddns.net' to ALLOWED_HOSTS.
Bad Request: /twits
Invalid HTTP_HOST header: 'rockserver.ddns.net:4090'. You may need to add 'rockserver.ddns.net' to ALLOWED_HOSTS.
Bad Request: /favicon.ico
Invalid HTTP_HOST header: 'rockserver.ddns.net:4090'. You may need to add 'rockserver.ddns.net' to ALLOWED_HOSTS.
Bad Request: /twits
Invalid HTTP_HOST header: 'rockserver.ddns.net:4090'. You may need to add 'rockserver.ddns.net' to ALLOWED_HOSTS.
Bad Request: /favicon.ico
Invalid HTTP_HOST header: 'rockserver.ddns.net:4090'. You may need to add 'rockserver.ddns.net' to ALLOWED_HOSTS.
Bad Request: /twits
Invalid HTTP_HOST header: 'rockserver.ddns.net:4090'. You may need to add 'rockserver.ddns.net' to ALLOWED_HOSTS.
Bad Request: /favicon.ico
Invalid HTTP_HOST header: 'rockserver.ddns.net:4090'. You may need to add 'rockserver.ddns.net' to ALLOWED_HOSTS.
Bad Request: /twits
Invalid HTTP_HOST header: 'rockserver.ddns.net:4090'. You may need to add 'rockserver.ddns.net' to ALLOWED_HOSTS.
Bad Request: /favicon.ico
Invalid HTTP_HOST header: 'rockserver.ddns.net:4090'. You may need to add 'rockserver.ddns.net' to ALLOWED_HOSTS.
Bad Request: /twits
Invalid HTTP_HOST header: 'rockserver.ddns.net:4090'. You may need to add 'rockserver.ddns.net' to ALLOWED_HOSTS.
Bad Request: /favicon.ico
Invalid HTTP_HOST header: 'rockserver.ddns.net:4090'. You may need to add 'rockserver.ddns.net' to ALLOWED_HOSTS.
Bad Request: /twits
Invalid HTTP_HOST header: 'rockserver.ddns.net:4090'. You may need to add 'rockserver.ddns.net' to ALLOWED_HOSTS.
Bad Request: /favicon.ico
Invalid HTTP_HOST header: 'rockserver.ddns.net:4090'. You may need to add 'rockserver.ddns.net' to ALLOWED_HOSTS.
Bad Request: /twits
Invalid HTTP_HOST header: 'rockserver.ddns.net:4090'. You may need to add 'rockserver.ddns.net' to ALLOWED_HOSTS.
Bad Request: /favicon.ico
Invalid HTTP_HOST header: 'rockserver.ddns.net:4090'. You may need to add 'rockserver.ddns.net' to ALLOWED_HOSTS.
Bad Request: /twits
Invalid HTTP_HOST header: 'rockserver.ddns.net:4090'. You may need to add 'rockserver.ddns.net' to ALLOWED_HOSTS.
Bad Request: /favicon.ico
Invalid HTTP_HOST header: 'rockserver.ddns.net:4090'. You may need to add 'rockserver.ddns.net' to ALLOWED_HOSTS.
Bad Request: /
Invalid HTTP_HOST header: 'rockserver.ddns.net:4090'. You may need to add 'rockserver.ddns.net' to ALLOWED_HOSTS.
Bad Request: /favicon.ico
Invalid HTTP_HOST header: 'rockserver.ddns.net:4090'. You may need to add 'rockserver.ddns.net' to ALLOWED_HOSTS.
Bad Request: /
Invalid HTTP_HOST header: 'rockserver.ddns.net:4090'. You may need to add 'rockserver.ddns.net' to ALLOWED_HOSTS.
Bad Request: /favicon.ico
Invalid HTTP_HOST header: 'rockserver.ddns.net:4090'. You may need to add 'rockserver.ddns.net' to ALLOWED_HOSTS.
Bad Request: /
Invalid HTTP_HOST header: 'rockserver.ddns.net:4090'. You may need to add 'rockserver.ddns.net' to ALLOWED_HOSTS.
Bad Request: /favicon.ico
Invalid HTTP_HOST header: 'rockserver.ddns.net:4090'. You may need to add 'rockserver.ddns.net' to ALLOWED_HOSTS.
Bad Request: /
Invalid HTTP_HOST header: 'rockserver.ddns.net:4090'. You may need to add 'rockserver.ddns.net' to ALLOWED_HOSTS.
Bad Request: /favicon.ico
Invalid HTTP_HOST header: 'rockserver.ddns.net:4090'. You may need to add 'rockserver.ddns.net' to ALLOWED_HOSTS.
Bad Request: /
Invalid HTTP_HOST header: 'rockserver.ddns.net:4090'. You may need to add 'rockserver.ddns.net' to ALLOWED_HOSTS.
Bad Request: /favicon.ico
Invalid HTTP_HOST header: 'rockserver.ddns.net:4090'. You may need to add 'rockserver.ddns.net' to ALLOWED_HOSTS.
Bad Request: /
Invalid HTTP_HOST header: 'rockserver.ddns.net:4090'. You may need to add 'rockserver.ddns.net' to ALLOWED_HOSTS.
Bad Request: /favicon.ico
Invalid HTTP_HOST header: 'rockserver.ddns.net:4090'. You may need to add 'rockserver.ddns.net' to ALLOWED_HOSTS.
Bad Request: /
Invalid HTTP_HOST header: 'rockserver.ddns.net:4090'. You may need to add 'rockserver.ddns.net' to ALLOWED_HOSTS.
Bad Request: /favicon.ico
Invalid HTTP_HOST header: 'rockserver.ddns.net:4090'. You may need to add 'rockserver.ddns.net' to ALLOWED_HOSTS.
Bad Request: /
Invalid HTTP_HOST header: 'rockserver.ddns.net:4090'. You may need to add 'rockserver.ddns.net' to ALLOWED_HOSTS.
Bad Request: /favicon.ico
Invalid HTTP_HOST header: 'rockserver.ddns.net:4090'. You may need to add 'rockserver.ddns.net' to ALLOWED_HOSTS.
Bad Request: /
Invalid HTTP_HOST header: 'rockserver.ddns.net:4090'. You may need to add 'rockserver.ddns.net' to ALLOWED_HOSTS.
Bad Request: /favicon.ico
Invalid HTTP_HOST header: 'rockserver.ddns.net:4090'. You may need to add 'rockserver.ddns.net' to ALLOWED_HOSTS.
Bad Request: /
Invalid HTTP_HOST header: 'rockserver.ddns.net:4090'. You may need to add 'rockserver.ddns.net' to ALLOWED_HOSTS.
Bad Request: /favicon.ico
Invalid HTTP_HOST header: 'rockserver.ddns.net:4090'. You may need to add 'rockserver.ddns.net' to ALLOWED_HOSTS.
Bad Request: /
Invalid HTTP_HOST header: 'rockserver.ddns.net:4090'. You may need to add 'rockserver.ddns.net' to ALLOWED_HOSTS.
Bad Request: /favicon.ico
Invalid HTTP_HOST header: 'rockserver.ddns.net:4090'. You may need to add 'rockserver.ddns.net' to ALLOWED_HOSTS.
Bad Request: /
Invalid HTTP_HOST header: 'rockserver.ddns.net:4090'. You may need to add 'rockserver.ddns.net' to ALLOWED_HOSTS.
Bad Request: /favicon.ico
Invalid HTTP_HOST header: 'rockserver.ddns.net:4090'. You may need to add 'rockserver.ddns.net' to ALLOWED_HOSTS.
Bad Request: /
Invalid HTTP_HOST header: 'rockserver.ddns.net:4090'. You may need to add 'rockserver.ddns.net' to ALLOWED_HOSTS.
Bad Request: /favicon.ico
Invalid HTTP_HOST header: 'rockserver.ddns.net:4090'. You may need to add 'rockserver.ddns.net' to ALLOWED_HOSTS.
Bad Request: /
Invalid HTTP_HOST header: 'rockserver.ddns.net:4090'. You may need to add 'rockserver.ddns.net' to ALLOWED_HOSTS.
Bad Request: /favicon.ico
Invalid HTTP_HOST header: 'rockserver.ddns.net:4090'. You may need to add 'rockserver.ddns.net' to ALLOWED_HOSTS.
Bad Request: /
Invalid HTTP_HOST header: 'rockserver.ddns.net:4090'. You may need to add 'rockserver.ddns.net' to ALLOWED_HOSTS.
Bad Request: /favicon.ico
Invalid HTTP_HOST header: 'rockserver.ddns.net:4090'. You may need to add 'rockserver.ddns.net' to ALLOWED_HOSTS.
Bad Request: /
Invalid HTTP_HOST header: 'rockserver.ddns.net:4090'. You may need to add 'rockserver.ddns.net' to ALLOWED_HOSTS.
Bad Request: /favicon.ico
Invalid HTTP_HOST header: 'rockserver.ddns.net:4090'. You may need to add 'rockserver.ddns.net' to ALLOWED_HOSTS.
Bad Request: /
Invalid HTTP_HOST header: 'rockserver.ddns.net:4090'. You may need to add 'rockserver.ddns.net' to ALLOWED_HOSTS.
Bad Request: /favicon.ico
Invalid HTTP_HOST header: 'rockserver.ddns.net:4090'. You may need to add 'rockserver.ddns.net' to ALLOWED_HOSTS.
Bad Request: /
Invalid HTTP_HOST header: 'rockserver.ddns.net:4090'. You may need to add 'rockserver.ddns.net' to ALLOWED_HOSTS.
Bad Request: /favicon.ico
Invalid HTTP_HOST header: 'rockserver.ddns.net:4090'. You may need to add 'rockserver.ddns.net' to ALLOWED_HOSTS.
Bad Request: /
Invalid HTTP_HOST header: 'rockserver.ddns.net:4090'. You may need to add 'rockserver.ddns.net' to ALLOWED_HOSTS.
Bad Request: /favicon.ico
Invalid HTTP_HOST header: 'rockserver.ddns.net:4090'. You may need to add 'rockserver.ddns.net' to ALLOWED_HOSTS.
Bad Request: /
Invalid HTTP_HOST header: 'rockserver.ddns.net:4090'. You may need to add 'rockserver.ddns.net' to ALLOWED_HOSTS.
Bad Request: /favicon.ico
Not Found: /favicon.ico
Not Found: /favicon.ico
